"C:/Users/hsp84/Documents/Unreal Projects/UnrealNightmare/Content/2DSideScroller/Textures/2DBackgroundTile.uasset" 0
"C:/Users/hsp84/Documents/Unreal Projects/UnrealNightmare/Content/2DSideScroller/Textures/2DBackgroundTile.uexp" 1
"C:/Users/hsp84/Documents/Unreal Projects/UnrealNightmare/Content/2DSideScroller/Materials/PrototypingSpriteMaterial.uasset" 2
"C:/Users/hsp84/Documents/Unreal Projects/UnrealNightmare/Content/2DSideScroller/Materials/PrototypingSpriteMaterial.uexp" 3
"C:/Users/hsp84/Documents/Unreal Projects/UnrealNightmare/Content/2DSideScroller/Sprites/PrototypingSprite.uasset" 4
"C:/Users/hsp84/Documents/Unreal Projects/UnrealNightmare/Content/2DSideScroller/Sprites/PrototypingSprite.uexp" 5
"../../../Engine/Content/EditorBlueprintResources/StandardMacros.uasset" 6
"../../../Engine/Content/EditorBlueprintResources/StandardMacros.uexp" 7
"C:/Users/hsp84/Documents/Unreal Projects/UnrealNightmare/Content/2DSideScroller/Textures/2DCharacter_RunAnimAtlas.uasset" 8
"C:/Users/hsp84/Documents/Unreal Projects/UnrealNightmare/Content/2DSideScroller/Textures/2DCharacter_RunAnimAtlas.uexp" 9
"C:/Users/hsp84/Documents/Unreal Projects/UnrealNightmare/Content/2DSideScroller/Sprites/RunFrames/RunCycle_9.uasset" 10
"C:/Users/hsp84/Documents/Unreal Projects/UnrealNightmare/Content/2DSideScroller/Sprites/RunFrames/RunCycle_9.uexp" 11
"C:/Users/hsp84/Documents/Unreal Projects/UnrealNightmare/Content/2DSideScroller/Sprites/RunFrames/RunCycle_8.uasset" 12
"C:/Users/hsp84/Documents/Unreal Projects/UnrealNightmare/Content/2DSideScroller/Sprites/RunFrames/RunCycle_8.uexp" 13
"C:/Users/hsp84/Documents/Unreal Projects/UnrealNightmare/Content/2DSideScroller/Sprites/RunFrames/RunCycle_7.uasset" 14
"C:/Users/hsp84/Documents/Unreal Projects/UnrealNightmare/Content/2DSideScroller/Sprites/RunFrames/RunCycle_7.uexp" 15
"C:/Users/hsp84/Documents/Unreal Projects/UnrealNightmare/Content/2DSideScroller/Sprites/RunFrames/RunCycle_6.uasset" 16
"C:/Users/hsp84/Documents/Unreal Projects/UnrealNightmare/Content/2DSideScroller/Sprites/RunFrames/RunCycle_6.uexp" 17
"C:/Users/hsp84/Documents/Unreal Projects/UnrealNightmare/Content/2DSideScroller/Sprites/RunFrames/RunCycle_5.uasset" 18
"C:/Users/hsp84/Documents/Unreal Projects/UnrealNightmare/Content/2DSideScroller/Sprites/RunFrames/RunCycle_5.uexp" 19
"C:/Users/hsp84/Documents/Unreal Projects/UnrealNightmare/Content/2DSideScroller/Sprites/RunFrames/RunCycle_4.uasset" 20
"C:/Users/hsp84/Documents/Unreal Projects/UnrealNightmare/Content/2DSideScroller/Sprites/RunFrames/RunCycle_4.uexp" 21
"C:/Users/hsp84/Documents/Unreal Projects/UnrealNightmare/Content/2DSideScroller/Sprites/RunFrames/RunCycle_3.uasset" 22
"C:/Users/hsp84/Documents/Unreal Projects/UnrealNightmare/Content/2DSideScroller/Sprites/RunFrames/RunCycle_3.uexp" 23
"C:/Users/hsp84/Documents/Unreal Projects/UnrealNightmare/Content/2DSideScroller/Sprites/RunFrames/RunCycle_2.uasset" 24
"C:/Users/hsp84/Documents/Unreal Projects/UnrealNightmare/Content/2DSideScroller/Sprites/RunFrames/RunCycle_2.uexp" 25
"C:/Users/hsp84/Documents/Unreal Projects/UnrealNightmare/Content/2DSideScroller/Sprites/RunFrames/RunCycle_16.uasset" 26
"C:/Users/hsp84/Documents/Unreal Projects/UnrealNightmare/Content/2DSideScroller/Sprites/RunFrames/RunCycle_16.uexp" 27
"C:/Users/hsp84/Documents/Unreal Projects/UnrealNightmare/Content/2DSideScroller/Sprites/RunFrames/RunCycle_15.uasset" 28
"C:/Users/hsp84/Documents/Unreal Projects/UnrealNightmare/Content/2DSideScroller/Sprites/RunFrames/RunCycle_15.uexp" 29
"C:/Users/hsp84/Documents/Unreal Projects/UnrealNightmare/Content/2DSideScroller/Sprites/RunFrames/RunCycle_14.uasset" 30
"C:/Users/hsp84/Documents/Unreal Projects/UnrealNightmare/Content/2DSideScroller/Sprites/RunFrames/RunCycle_14.uexp" 31
"C:/Users/hsp84/Documents/Unreal Projects/UnrealNightmare/Content/2DSideScroller/Sprites/RunFrames/RunCycle_13.uasset" 32
"C:/Users/hsp84/Documents/Unreal Projects/UnrealNightmare/Content/2DSideScroller/Sprites/RunFrames/RunCycle_13.uexp" 33
"C:/Users/hsp84/Documents/Unreal Projects/UnrealNightmare/Content/2DSideScroller/Sprites/RunFrames/RunCycle_12.uasset" 34
"C:/Users/hsp84/Documents/Unreal Projects/UnrealNightmare/Content/2DSideScroller/Sprites/RunFrames/RunCycle_12.uexp" 35
"C:/Users/hsp84/Documents/Unreal Projects/UnrealNightmare/Content/2DSideScroller/Sprites/RunFrames/RunCycle_11.uasset" 36
"C:/Users/hsp84/Documents/Unreal Projects/UnrealNightmare/Content/2DSideScroller/Sprites/RunFrames/RunCycle_11.uexp" 37
"C:/Users/hsp84/Documents/Unreal Projects/UnrealNightmare/Content/2DSideScroller/Sprites/RunFrames/RunCycle_10.uasset" 38
"C:/Users/hsp84/Documents/Unreal Projects/UnrealNightmare/Content/2DSideScroller/Sprites/RunFrames/RunCycle_10.uexp" 39
"C:/Users/hsp84/Documents/Unreal Projects/UnrealNightmare/Content/2DSideScroller/Sprites/RunFrames/RunCycle_1.uasset" 40
"C:/Users/hsp84/Documents/Unreal Projects/UnrealNightmare/Content/2DSideScroller/Sprites/RunFrames/RunCycle_1.uexp" 41
"C:/Users/hsp84/Documents/Unreal Projects/UnrealNightmare/Content/2DSideScroller/Sprites/RunningAnimation.uasset" 42
"C:/Users/hsp84/Documents/Unreal Projects/UnrealNightmare/Content/2DSideScroller/Sprites/RunningAnimation.uexp" 43
"C:/Users/hsp84/Documents/Unreal Projects/UnrealNightmare/Content/2DSideScroller/Textures/2DCharacter_IdleAnimAtlas.uasset" 44
"C:/Users/hsp84/Documents/Unreal Projects/UnrealNightmare/Content/2DSideScroller/Textures/2DCharacter_IdleAnimAtlas.uexp" 45
"C:/Users/hsp84/Documents/Unreal Projects/UnrealNightmare/Content/2DSideScroller/Sprites/IdleFrames/IdleCycle8.uasset" 46
"C:/Users/hsp84/Documents/Unreal Projects/UnrealNightmare/Content/2DSideScroller/Sprites/IdleFrames/IdleCycle8.uexp" 47
"C:/Users/hsp84/Documents/Unreal Projects/UnrealNightmare/Content/2DSideScroller/Sprites/IdleFrames/IdleCycle7.uasset" 48
"C:/Users/hsp84/Documents/Unreal Projects/UnrealNightmare/Content/2DSideScroller/Sprites/IdleFrames/IdleCycle7.uexp" 49
"C:/Users/hsp84/Documents/Unreal Projects/UnrealNightmare/Content/2DSideScroller/Sprites/IdleFrames/IdleCycle6.uasset" 50
"C:/Users/hsp84/Documents/Unreal Projects/UnrealNightmare/Content/2DSideScroller/Sprites/IdleFrames/IdleCycle6.uexp" 51
"C:/Users/hsp84/Documents/Unreal Projects/UnrealNightmare/Content/2DSideScroller/Sprites/IdleFrames/IdleCycle2.uasset" 52
"C:/Users/hsp84/Documents/Unreal Projects/UnrealNightmare/Content/2DSideScroller/Sprites/IdleFrames/IdleCycle2.uexp" 53
"C:/Users/hsp84/Documents/Unreal Projects/UnrealNightmare/Content/2DSideScroller/Sprites/IdleFrames/IdleCycle3.uasset" 54
"C:/Users/hsp84/Documents/Unreal Projects/UnrealNightmare/Content/2DSideScroller/Sprites/IdleFrames/IdleCycle3.uexp" 55
"C:/Users/hsp84/Documents/Unreal Projects/UnrealNightmare/Content/2DSideScroller/Sprites/IdleFrames/IdleCycle4.uasset" 56
"C:/Users/hsp84/Documents/Unreal Projects/UnrealNightmare/Content/2DSideScroller/Sprites/IdleFrames/IdleCycle4.uexp" 57
"C:/Users/hsp84/Documents/Unreal Projects/UnrealNightmare/Content/2DSideScroller/Sprites/IdleFrames/IdleCycle1.uasset" 58
"C:/Users/hsp84/Documents/Unreal Projects/UnrealNightmare/Content/2DSideScroller/Sprites/IdleFrames/IdleCycle1.uexp" 59
"C:/Users/hsp84/Documents/Unreal Projects/UnrealNightmare/Content/2DSideScroller/Sprites/IdleFrames/IdleCycle5.uasset" 60
"C:/Users/hsp84/Documents/Unreal Projects/UnrealNightmare/Content/2DSideScroller/Sprites/IdleFrames/IdleCycle5.uexp" 61
"C:/Users/hsp84/Documents/Unreal Projects/UnrealNightmare/Content/2DSideScroller/Sprites/IdleAnimation.uasset" 62
"C:/Users/hsp84/Documents/Unreal Projects/UnrealNightmare/Content/2DSideScroller/Sprites/IdleAnimation.uexp" 63
"C:/Users/hsp84/Documents/Unreal Projects/UnrealNightmare/Content/2DSideScrollerBP/Blueprints/2DSideScrollerCharacter.uasset" 64
"C:/Users/hsp84/Documents/Unreal Projects/UnrealNightmare/Content/2DSideScrollerBP/Blueprints/2DSideScrollerCharacter.uexp" 65
"C:/Users/hsp84/Documents/Unreal Projects/UnrealNightmare/Content/Blueprints/User_Mode.uasset" 66
"C:/Users/hsp84/Documents/Unreal Projects/UnrealNightmare/Content/Blueprints/User_Mode.uexp" 67
"C:/Users/hsp84/Documents/Unreal Projects/UnrealNightmare/Content/Characters/mannequin/mr_idle1.uasset" 68
"C:/Users/hsp84/Documents/Unreal Projects/UnrealNightmare/Content/Characters/mannequin/mr_idle1.uexp" 69
"../../../Engine/Plugins/2D/Paper2D/Content/PlaceholderTextures/DummySpriteTexture.uasset" 70
"../../../Engine/Plugins/2D/Paper2D/Content/PlaceholderTextures/DummySpriteTexture.uexp" 71
"../../../Engine/Plugins/2D/Paper2D/Content/PlaceholderTextures/DummySpriteTexture.ubulk" 72
"../../../Engine/Plugins/2D/Paper2D/Content/DefaultSpriteMaterial.uasset" 73
"../../../Engine/Plugins/2D/Paper2D/Content/DefaultSpriteMaterial.uexp" 74
"../../../Engine/Plugins/2D/Paper2D/Content/TranslucentUnlitSpriteMaterial.uasset" 75
"../../../Engine/Plugins/2D/Paper2D/Content/TranslucentUnlitSpriteMaterial.uexp" 76
"C:/Users/hsp84/Documents/Unreal Projects/UnrealNightmare/Content/Characters/mannequin/mr_idle1_Sprite_1.uasset" 77
"C:/Users/hsp84/Documents/Unreal Projects/UnrealNightmare/Content/Characters/mannequin/mr_idle1_Sprite_1.uexp" 78
"C:/Users/hsp84/Documents/Unreal Projects/UnrealNightmare/Content/Characters/mannequin/mr_idle1_Sprite_3.uasset" 79
"C:/Users/hsp84/Documents/Unreal Projects/UnrealNightmare/Content/Characters/mannequin/mr_idle1_Sprite_3.uexp" 80
"C:/Users/hsp84/Documents/Unreal Projects/UnrealNightmare/Content/Characters/mannequin/mr_idle1_Sprite_5.uasset" 81
"C:/Users/hsp84/Documents/Unreal Projects/UnrealNightmare/Content/Characters/mannequin/mr_idle1_Sprite_5.uexp" 82
"C:/Users/hsp84/Documents/Unreal Projects/UnrealNightmare/Content/Characters/mannequin/mr_idle1_Sprite_6.uasset" 83
"C:/Users/hsp84/Documents/Unreal Projects/UnrealNightmare/Content/Characters/mannequin/mr_idle1_Sprite_6.uexp" 84
"C:/Users/hsp84/Documents/Unreal Projects/UnrealNightmare/Content/Characters/Player/Dead-Sheet.uasset" 85
"C:/Users/hsp84/Documents/Unreal Projects/UnrealNightmare/Content/Characters/Player/Dead-Sheet.uexp" 86
"C:/Users/hsp84/Documents/Unreal Projects/UnrealNightmare/Content/Characters/Player/Run-Sheet.uasset" 87
"C:/Users/hsp84/Documents/Unreal Projects/UnrealNightmare/Content/Characters/Player/Run-Sheet.uexp" 88
"C:/Users/hsp84/Documents/Unreal Projects/UnrealNightmare/Content/Characters/Player/Attack-01-Sheet.uasset" 89
"C:/Users/hsp84/Documents/Unreal Projects/UnrealNightmare/Content/Characters/Player/Attack-01-Sheet.uexp" 90
"C:/Users/hsp84/Documents/Unreal Projects/UnrealNightmare/Content/Characters/Player/Sprites/Attack-01-Sheet_Sprite_7.uasset" 91
"C:/Users/hsp84/Documents/Unreal Projects/UnrealNightmare/Content/Characters/Player/Sprites/Attack-01-Sheet_Sprite_7.uexp" 92
"C:/Users/hsp84/Documents/Unreal Projects/UnrealNightmare/Content/Characters/Player/Sprites/Attack-01-Sheet_Sprite_6.uasset" 93
"C:/Users/hsp84/Documents/Unreal Projects/UnrealNightmare/Content/Characters/Player/Sprites/Attack-01-Sheet_Sprite_6.uexp" 94
"C:/Users/hsp84/Documents/Unreal Projects/UnrealNightmare/Content/Characters/Player/Sprites/Attack-01-Sheet_Sprite_5.uasset" 95
"C:/Users/hsp84/Documents/Unreal Projects/UnrealNightmare/Content/Characters/Player/Sprites/Attack-01-Sheet_Sprite_5.uexp" 96
"C:/Users/hsp84/Documents/Unreal Projects/UnrealNightmare/Content/Characters/Player/Sprites/Attack-01-Sheet_Sprite_4.uasset" 97
"C:/Users/hsp84/Documents/Unreal Projects/UnrealNightmare/Content/Characters/Player/Sprites/Attack-01-Sheet_Sprite_4.uexp" 98
"C:/Users/hsp84/Documents/Unreal Projects/UnrealNightmare/Content/Characters/Player/Sprites/Attack-01-Sheet_Sprite_3.uasset" 99
"C:/Users/hsp84/Documents/Unreal Projects/UnrealNightmare/Content/Characters/Player/Sprites/Attack-01-Sheet_Sprite_3.uexp" 100
"C:/Users/hsp84/Documents/Unreal Projects/UnrealNightmare/Content/Characters/Player/Sprites/Attack-01-Sheet_Sprite_2.uasset" 101
"C:/Users/hsp84/Documents/Unreal Projects/UnrealNightmare/Content/Characters/Player/Sprites/Attack-01-Sheet_Sprite_2.uexp" 102
"C:/Users/hsp84/Documents/Unreal Projects/UnrealNightmare/Content/Characters/Player/Sprites/Attack-01-Sheet_Sprite_1.uasset" 103
"C:/Users/hsp84/Documents/Unreal Projects/UnrealNightmare/Content/Characters/Player/Sprites/Attack-01-Sheet_Sprite_1.uexp" 104
"C:/Users/hsp84/Documents/Unreal Projects/UnrealNightmare/Content/Characters/Player/Sprites/Attack-01-Sheet_Sprite_0.uasset" 105
"C:/Users/hsp84/Documents/Unreal Projects/UnrealNightmare/Content/Characters/Player/Sprites/Attack-01-Sheet_Sprite_0.uexp" 106
"C:/Users/hsp84/Documents/Unreal Projects/UnrealNightmare/Content/Characters/Player/Flipbooks/FB_Player_Attack.uasset" 107
"C:/Users/hsp84/Documents/Unreal Projects/UnrealNightmare/Content/Characters/Player/Flipbooks/FB_Player_Attack.uexp" 108
"C:/Users/hsp84/Documents/Unreal Projects/UnrealNightmare/Content/Characters/Player/Idle-Sheet.uasset" 109
"C:/Users/hsp84/Documents/Unreal Projects/UnrealNightmare/Content/Characters/Player/Idle-Sheet.uexp" 110
"C:/Users/hsp84/Documents/Unreal Projects/UnrealNightmare/Content/Characters/Player/Sprites/Idle-Sheet_Sprite_3.uasset" 111
"C:/Users/hsp84/Documents/Unreal Projects/UnrealNightmare/Content/Characters/Player/Sprites/Idle-Sheet_Sprite_3.uexp" 112
"C:/Users/hsp84/Documents/Unreal Projects/UnrealNightmare/Content/Characters/Player/Sprites/Idle-Sheet_Sprite_2.uasset" 113
"C:/Users/hsp84/Documents/Unreal Projects/UnrealNightmare/Content/Characters/Player/Sprites/Idle-Sheet_Sprite_2.uexp" 114
"C:/Users/hsp84/Documents/Unreal Projects/UnrealNightmare/Content/Characters/Player/Sprites/Idle-Sheet_Sprite_1.uasset" 115
"C:/Users/hsp84/Documents/Unreal Projects/UnrealNightmare/Content/Characters/Player/Sprites/Idle-Sheet_Sprite_1.uexp" 116
"C:/Users/hsp84/Documents/Unreal Projects/UnrealNightmare/Content/Characters/Player/Sprites/Idle-Sheet_Sprite_0.uasset" 117
"C:/Users/hsp84/Documents/Unreal Projects/UnrealNightmare/Content/Characters/Player/Sprites/Idle-Sheet_Sprite_0.uexp" 118
"C:/Users/hsp84/Documents/Unreal Projects/UnrealNightmare/Content/Characters/Player/Flipbooks/FB_Player_Idle.uasset" 119
"C:/Users/hsp84/Documents/Unreal Projects/UnrealNightmare/Content/Characters/Player/Flipbooks/FB_Player_Idle.uexp" 120
"C:/Users/hsp84/Documents/Unreal Projects/UnrealNightmare/Content/Environment/Background.uasset" 121
"C:/Users/hsp84/Documents/Unreal Projects/UnrealNightmare/Content/Environment/Background.uexp" 122
"C:/Users/hsp84/Documents/Unreal Projects/UnrealNightmare/Content/Environment/Tiles.uasset" 123
"C:/Users/hsp84/Documents/Unreal Projects/UnrealNightmare/Content/Environment/Tiles.uexp" 124
"C:/Users/hsp84/Documents/Unreal Projects/UnrealNightmare/Content/Environment/Scene1/Opening1.uasset" 125
"C:/Users/hsp84/Documents/Unreal Projects/UnrealNightmare/Content/Environment/Scene1/Opening1.uexp" 126
"C:/Users/hsp84/Documents/Unreal Projects/UnrealNightmare/Content/Environment/Scene1/Opening1_TileSet.uasset" 127
"C:/Users/hsp84/Documents/Unreal Projects/UnrealNightmare/Content/Environment/Scene1/Opening1_TileSet.uexp" 128
"C:/Users/hsp84/Documents/Unreal Projects/UnrealNightmare/Content/Environment/Scene1/Opening1_TileMap.uasset" 129
"C:/Users/hsp84/Documents/Unreal Projects/UnrealNightmare/Content/Environment/Scene1/Opening1_TileMap.uexp" 130
"C:/Users/hsp84/Documents/Unreal Projects/UnrealNightmare/Content/Environment/Scene2/scene2p5.uasset" 131
"C:/Users/hsp84/Documents/Unreal Projects/UnrealNightmare/Content/Environment/Scene2/scene2p5.uexp" 132
"C:/Users/hsp84/Documents/Unreal Projects/UnrealNightmare/Content/Environment/Scene2/scene2p4.uasset" 133
"C:/Users/hsp84/Documents/Unreal Projects/UnrealNightmare/Content/Environment/Scene2/scene2p4.uexp" 134
"C:/Users/hsp84/Documents/Unreal Projects/UnrealNightmare/Content/Environment/Scene2/scene2p3.uasset" 135
"C:/Users/hsp84/Documents/Unreal Projects/UnrealNightmare/Content/Environment/Scene2/scene2p3.uexp" 136
"C:/Users/hsp84/Documents/Unreal Projects/UnrealNightmare/Content/Environment/Scene2/scene2p2.uasset" 137
"C:/Users/hsp84/Documents/Unreal Projects/UnrealNightmare/Content/Environment/Scene2/scene2p2.uexp" 138
"C:/Users/hsp84/Documents/Unreal Projects/UnrealNightmare/Content/Environment/Scene2/scene2.uasset" 139
"C:/Users/hsp84/Documents/Unreal Projects/UnrealNightmare/Content/Environment/Scene2/scene2.uexp" 140
"../../../Engine/Content/EngineMaterials/T_Default_Material_Grid_N.uasset" 141
"../../../Engine/Content/EngineMaterials/T_Default_Material_Grid_N.uexp" 142
"../../../Engine/Content/EngineMaterials/T_Default_Material_Grid_N.ubulk" 143
"../../../Engine/Content/EngineMaterials/T_Default_Material_Grid_M.uasset" 144
"../../../Engine/Content/EngineMaterials/T_Default_Material_Grid_M.uexp" 145
"../../../Engine/Content/EngineMaterials/T_Default_Material_Grid_M.ubulk" 146
"../../../Engine/Content/Functions/Engine_MaterialFunctions01/Opacity/CameraDepthFade.uasset" 147
"../../../Engine/Content/Functions/Engine_MaterialFunctions01/Opacity/CameraDepthFade.uexp" 148
"../../../Engine/Content/EngineMaterials/WorldGridMaterial.uasset" 149
"../../../Engine/Content/EngineMaterials/WorldGridMaterial.uexp" 150
"../../../Engine/Content/ArtTools/RenderToTexture/Meshes/S_1_Unit_Plane.uasset" 151
"../../../Engine/Content/ArtTools/RenderToTexture/Meshes/S_1_Unit_Plane.uexp" 152
"../../../Engine/Content/EngineMaterials/DefaultMaterial.uasset" 153
"../../../Engine/Content/EngineMaterials/DefaultMaterial.uexp" 154
"../../../Engine/Content/BasicShapes/Cone.uasset" 155
"../../../Engine/Content/BasicShapes/Cone.uexp" 156
"../../../Engine/Content/BasicShapes/Cube.uasset" 157
"../../../Engine/Content/BasicShapes/Cube.uexp" 158
"../../../Engine/Content/BasicShapes/Plane.uasset" 159
"../../../Engine/Content/BasicShapes/Plane.uexp" 160
"../../../Engine/Content/BasicShapes/Sphere.uasset" 161
"../../../Engine/Content/BasicShapes/Sphere.uexp" 162
"../../../Engine/Content/EditorLandscapeResources/DataLayer.uasset" 163
"../../../Engine/Content/EditorLandscapeResources/DataLayer.uexp" 164
"../../../Engine/Content/EditorLandscapeResources/DefaultAlphaTexture.uasset" 165
"../../../Engine/Content/EditorLandscapeResources/DefaultAlphaTexture.uexp" 166
"../../../Engine/Content/EditorMaterials/MAT_Groups_Toggle.uasset" 167
"../../../Engine/Content/EditorMaterials/MAT_Groups_Toggle.uexp" 168
"../../../Engine/Content/EditorMaterials/MAT_Groups_Visibility.uasset" 169
"../../../Engine/Content/EditorMaterials/MAT_Groups_Visibility.uexp" 170
"../../../Engine/Content/EditorMaterials/PreviewShadowIndicator.uasset" 171
"../../../Engine/Content/EditorMaterials/PreviewShadowIndicator.uexp" 172
"../../../Engine/Content/EditorMaterials/PreviewShadowIndicator.ubulk" 173
"../../../Engine/Content/EditorMaterials/PreviewShadowIndicatorMaterial.uasset" 174
"../../../Engine/Content/EditorMaterials/PreviewShadowIndicatorMaterial.uexp" 175
"../../../Engine/Content/EditorMaterials/MatineeGroups/MAT_ColorTrack.uasset" 176
"../../../Engine/Content/EditorMaterials/MatineeGroups/MAT_ColorTrack.uexp" 177
"../../../Engine/Content/EditorMaterials/MatineeGroups/MAT_Groups_Anim.uasset" 178
"../../../Engine/Content/EditorMaterials/MatineeGroups/MAT_Groups_Anim.uexp" 179
"../../../Engine/Content/EditorMaterials/MatineeGroups/MAT_Groups_AudioMaster.uasset" 180
"../../../Engine/Content/EditorMaterials/MatineeGroups/MAT_Groups_AudioMaster.uexp" 181
"../../../Engine/Content/EditorMaterials/MatineeGroups/MAT_Groups_Director.uasset" 182
"../../../Engine/Content/EditorMaterials/MatineeGroups/MAT_Groups_Director.uexp" 183
"../../../Engine/Content/EditorMaterials/MatineeGroups/MAT_Groups_Event.uasset" 184
"../../../Engine/Content/EditorMaterials/MatineeGroups/MAT_Groups_Event.uexp" 185
"../../../Engine/Content/EditorMaterials/MatineeGroups/MAT_Groups_Fade.uasset" 186
"../../../Engine/Content/EditorMaterials/MatineeGroups/MAT_Groups_Fade.uexp" 187
"../../../Engine/Content/EditorMaterials/MatineeGroups/MAT_Groups_Float.uasset" 188
"../../../Engine/Content/EditorMaterials/MatineeGroups/MAT_Groups_Float.uexp" 189
"../../../Engine/Content/EditorMaterials/MatineeGroups/MAT_Groups_Move.uasset" 190
"../../../Engine/Content/EditorMaterials/MatineeGroups/MAT_Groups_Move.uexp" 191
"../../../Engine/Content/EditorMaterials/MatineeGroups/MAT_Groups_Slomo.uasset" 192
"../../../Engine/Content/EditorMaterials/MatineeGroups/MAT_Groups_Slomo.uexp" 193
"../../../Engine/Content/EditorMaterials/MatineeGroups/MAT_Groups_Sound.uasset" 194
"../../../Engine/Content/EditorMaterials/MatineeGroups/MAT_Groups_Sound.uexp" 195
"../../../Engine/Content/EditorMaterials/MatineeGroups/MAT_Groups_Vector.uasset" 196
"../../../Engine/Content/EditorMaterials/MatineeGroups/MAT_Groups_Vector.uexp" 197
"../../../Engine/Content/EditorMaterials/ParticleSystems/PSysThumbnail_NoImage.uasset" 198
"../../../Engine/Content/EditorMaterials/ParticleSystems/PSysThumbnail_NoImage.uexp" 199
"../../../Engine/Content/EditorMaterials/ParticleSystems/PSysThumbnail_NoImage.ubulk" 200
"../../../Engine/Content/EditorMaterials/ParticleSystems/PSysThumbnail_OOD.uasset" 201
"../../../Engine/Content/EditorMaterials/ParticleSystems/PSysThumbnail_OOD.uexp" 202
"../../../Engine/Content/EditorMaterials/ParticleSystems/PSysThumbnail_OOD.ubulk" 203
"../../../Engine/Content/EditorMaterials/Camera/CineMat.uasset" 204
"../../../Engine/Content/EditorMaterials/Camera/CineMat.uexp" 205
"../../../Engine/Content/EditorMaterials/Camera/MI_CineMat_Rig.uasset" 206
"../../../Engine/Content/EditorMaterials/Camera/MI_CineMat_Rig.uexp" 207
"../../../Engine/Content/EditorMeshes/Camera/SM_CraneRig_Arm.uasset" 208
"../../../Engine/Content/EditorMeshes/Camera/SM_CraneRig_Arm.uexp" 209
"../../../Engine/Content/EditorMeshes/Camera/SM_CraneRig_Base.uasset" 210
"../../../Engine/Content/EditorMeshes/Camera/SM_CraneRig_Base.uexp" 211
"../../../Engine/Content/EditorMeshes/Camera/SM_CraneRig_Body.uasset" 212
"../../../Engine/Content/EditorMeshes/Camera/SM_CraneRig_Body.uexp" 213
"../../../Engine/Content/EditorMeshes/Camera/SM_CraneRig_Mount.uasset" 214
"../../../Engine/Content/EditorMeshes/Camera/SM_CraneRig_Mount.uexp" 215
"../../../Engine/Content/EditorMeshes/Camera/SM_RailRig_Mount.uasset" 216
"../../../Engine/Content/EditorMeshes/Camera/SM_RailRig_Mount.uexp" 217
"../../../Engine/Content/EditorMeshes/Camera/SM_RailRig_Track.uasset" 218
"../../../Engine/Content/EditorMeshes/Camera/SM_RailRig_Track.uexp" 219
"../../../Engine/Content/EditorResources/BSPVertex.uasset" 220
"../../../Engine/Content/EditorResources/BSPVertex.uexp" 221
"../../../Engine/Content/EditorResources/EmptyActor.uasset" 222
"../../../Engine/Content/EditorResources/EmptyActor.uexp" 223
"../../../Engine/Content/EditorResources/S_Actor.uasset" 224
"../../../Engine/Content/EditorResources/S_Actor.uexp" 225
"../../../Engine/Content/EditorResources/S_Actor.ubulk" 226
"../../../Engine/Content/EditorResources/S_Note.uasset" 227
"../../../Engine/Content/EditorResources/S_Note.uexp" 228
"../../../Engine/Content/EditorResources/S_Note.ubulk" 229
"../../../Engine/Content/EditorResources/S_Solver.uasset" 230
"../../../Engine/Content/EditorResources/S_Solver.uexp" 231
"../../../Engine/Content/EditorResources/S_Solver.ubulk" 232
"../../../Engine/Content/EditorResources/S_Terrain.uasset" 233
"../../../Engine/Content/EditorResources/S_Terrain.uexp" 234
"../../../Engine/Content/EditorResources/S_Terrain.ubulk" 235
"../../../Engine/Content/EditorResources/S_Trigger.uasset" 236
"../../../Engine/Content/EditorResources/S_Trigger.uexp" 237
"../../../Engine/Content/EditorResources/S_Trigger.ubulk" 238
"../../../Engine/Content/EditorResources/AudioIcons/S_AudioComponent_AutoActivate.uasset" 239
"../../../Engine/Content/EditorResources/AudioIcons/S_AudioComponent_AutoActivate.uexp" 240
"../../../Engine/Content/EditorResources/AudioIcons/S_AudioComponent_AutoActivate.ubulk" 241
"../../../Engine/Content/EditorResources/SequenceRecorder/Countdown.uasset" 242
"../../../Engine/Content/EditorResources/SequenceRecorder/Countdown.uexp" 243
"../../../Engine/Content/EditorResources/SequenceRecorder/RecordingIndicator.uasset" 244
"../../../Engine/Content/EditorResources/SequenceRecorder/RecordingIndicator.uexp" 245
"../../../Engine/Content/EngineDamageTypes/DmgTypeBP_Environmental.uasset" 246
"../../../Engine/Content/EngineDamageTypes/DmgTypeBP_Environmental.uexp" 247
"../../../Engine/Content/EngineDebugMaterials/DebugEditorMaterial.uasset" 248
"../../../Engine/Content/EngineDebugMaterials/DebugEditorMaterial.uexp" 249
"../../../Engine/Content/EngineDebugMaterials/DebugMeshMaterial.uasset" 250
"../../../Engine/Content/EngineDebugMaterials/DebugMeshMaterial.uexp" 251
"../../../Engine/Content/EngineDebugMaterials/M_SimpleUnlitTranslucent.uasset" 252
"../../../Engine/Content/EngineDebugMaterials/M_SimpleUnlitTranslucent.uexp" 253
"../../../Engine/Content/Functions/Engine_MaterialFunctions02/Utility/CameraDirectionVector.uasset" 254
"../../../Engine/Content/Functions/Engine_MaterialFunctions02/Utility/CameraDirectionVector.uexp" 255
"../../../Engine/Content/EngineDebugMaterials/VolumeToRender.uasset" 256
"../../../Engine/Content/EngineDebugMaterials/VolumeToRender.uexp" 257
"../../../Engine/Content/EngineDebugMaterials/M_VolumeRenderSphereTracePP.uasset" 258
"../../../Engine/Content/EngineDebugMaterials/M_VolumeRenderSphereTracePP.uexp" 259
"../../../Engine/Content/Functions/Engine_MaterialFunctions01/Shading/ConvertFromDiffSpec.uasset" 260
"../../../Engine/Content/Functions/Engine_MaterialFunctions01/Shading/ConvertFromDiffSpec.uexp" 261
"../../../Engine/Content/EngineDebugMaterials/VertexColorMaterial.uasset" 262
"../../../Engine/Content/EngineDebugMaterials/VertexColorMaterial.uexp" 263
"../../../Engine/Content/EngineDebugMaterials/WireframeMaterial.uasset" 264
"../../../Engine/Content/EngineDebugMaterials/WireframeMaterial.uexp" 265
"../../../Engine/Content/EngineFonts/Faces/RobotoRegular.uasset" 266
"../../../Engine/Content/EngineFonts/Faces/RobotoRegular.uexp" 267
"../../../Engine/Content/EngineFonts/Faces/RobotoRegular.ufont" 268
"../../../Engine/Content/EngineFonts/Faces/RobotoLight.uasset" 269
"../../../Engine/Content/EngineFonts/Faces/RobotoLight.uexp" 270
"../../../Engine/Content/EngineFonts/Faces/RobotoLight.ufont" 271
"../../../Engine/Content/EngineFonts/Faces/RobotoItalic.uasset" 272
"../../../Engine/Content/EngineFonts/Faces/RobotoItalic.uexp" 273
"../../../Engine/Content/EngineFonts/Faces/RobotoItalic.ufont" 274
"../../../Engine/Content/EngineFonts/Faces/RobotoBoldItalic.uasset" 275
"../../../Engine/Content/EngineFonts/Faces/RobotoBoldItalic.uexp" 276
"../../../Engine/Content/EngineFonts/Faces/RobotoBoldItalic.ufont" 277
"../../../Engine/Content/EngineFonts/Faces/RobotoBold.uasset" 278
"../../../Engine/Content/EngineFonts/Faces/RobotoBold.uexp" 279
"../../../Engine/Content/EngineFonts/Faces/RobotoBold.ufont" 280
"../../../Engine/Content/EngineFonts/Faces/DroidSansFallback.uasset" 281
"../../../Engine/Content/EngineFonts/Faces/DroidSansFallback.uexp" 282
"../../../Engine/Content/EngineFonts/Faces/DroidSansFallback.ufont" 283
"../../../Engine/Content/EngineFonts/Roboto.uasset" 284
"../../../Engine/Content/EngineFonts/Roboto.uexp" 285
"../../../Engine/Content/EngineMaterials/BaseFlattenNormalMap.uasset" 286
"../../../Engine/Content/EngineMaterials/BaseFlattenNormalMap.uexp" 287
"../../../Engine/Content/EngineMaterials/BaseFlattenGrayscaleMap.uasset" 288
"../../../Engine/Content/EngineMaterials/BaseFlattenGrayscaleMap.uexp" 289
"../../../Engine/Content/EngineMaterials/BaseFlattenEmissiveMap.uasset" 290
"../../../Engine/Content/EngineMaterials/BaseFlattenEmissiveMap.uexp" 291
"../../../Engine/Content/EngineMaterials/BaseFlattenDiffuseMap.uasset" 292
"../../../Engine/Content/EngineMaterials/BaseFlattenDiffuseMap.uexp" 293
"../../../Engine/Content/EngineMaterials/BaseFlattenMaterial.uasset" 294
"../../../Engine/Content/EngineMaterials/BaseFlattenMaterial.uexp" 295
"../../../Engine/Content/EngineMaterials/BlueNoise.uasset" 296
"../../../Engine/Content/EngineMaterials/BlueNoise.uexp" 297
"../../../Engine/Content/EngineMaterials/DefaultBloomKernel.uasset" 298
"../../../Engine/Content/EngineMaterials/DefaultBloomKernel.uexp" 299
"../../../Engine/Content/EngineMaterials/DefaultBokeh.uasset" 300
"../../../Engine/Content/EngineMaterials/DefaultBokeh.uexp" 301
"../../../Engine/Content/EngineMaterials/DefaultDiffuse.uasset" 302
"../../../Engine/Content/EngineMaterials/DefaultDiffuse.uexp" 303
"../../../Engine/Content/EngineMaterials/DefaultDiffuse.ubulk" 304
"../../../Engine/Content/EngineMaterials/DefaultDeferredDecalMaterial.uasset" 305
"../../../Engine/Content/EngineMaterials/DefaultDeferredDecalMaterial.uexp" 306
"../../../Engine/Content/EngineMaterials/DefaultLightFunctionMaterial.uasset" 307
"../../../Engine/Content/EngineMaterials/DefaultLightFunctionMaterial.uexp" 308
"../../../Engine/Content/EngineMaterials/DefaultPhysicalMaterial.uasset" 309
"../../../Engine/Content/EngineMaterials/DefaultPhysicalMaterial.uexp" 310
"../../../Engine/Content/Functions/Engine_MaterialFunctions02/Utility/BreakOutFloat2Components.uasset" 311
"../../../Engine/Content/Functions/Engine_MaterialFunctions02/Utility/BreakOutFloat2Components.uexp" 312
"../../../Engine/Content/EngineMaterials/DefaultPostProcessMaterial.uasset" 313
"../../../Engine/Content/EngineMaterials/DefaultPostProcessMaterial.uexp" 314
"../../../Engine/Content/EngineFonts/RobotoDistanceField.uasset" 315
"../../../Engine/Content/EngineFonts/RobotoDistanceField.uexp" 316
"../../../Engine/Content/EngineMaterials/DefaultTextMaterialOpaque.uasset" 317
"../../../Engine/Content/EngineMaterials/DefaultTextMaterialOpaque.uexp" 318
"../../../Engine/Content/EngineMaterials/DefaultWhiteGrid.uasset" 319
"../../../Engine/Content/EngineMaterials/DefaultWhiteGrid.uexp" 320
"../../../Engine/Content/EngineMaterials/DefaultWhiteGrid.ubulk" 321
"../../../Engine/Content/EngineMaterials/DefaultWhiteGrid_Low.uasset" 322
"../../../Engine/Content/EngineMaterials/DefaultWhiteGrid_Low.uexp" 323
"../../../Engine/Content/EngineMaterials/EmissiveMeshMaterial.uasset" 324
"../../../Engine/Content/EngineMaterials/EmissiveMeshMaterial.uexp" 325
"../../../Engine/Content/EngineMaterials/GizmoMaterial.uasset" 326
"../../../Engine/Content/EngineMaterials/GizmoMaterial.uexp" 327
"../../../Engine/Content/EngineMaterials/Good64x64TilingNoiseHighFreq.uasset" 328
"../../../Engine/Content/EngineMaterials/Good64x64TilingNoiseHighFreq.uexp" 329
"../../../Engine/Content/EngineMaterials/MiniFont.uasset" 330
"../../../Engine/Content/EngineMaterials/MiniFont.uexp" 331
"../../../Engine/Content/EngineMaterials/InvalidLightmapSettings.uasset" 332
"../../../Engine/Content/EngineMaterials/InvalidLightmapSettings.uexp" 333
"../../../Engine/Content/EngineMaterials/InvalidLightmapSettings.ubulk" 334
"../../../Engine/Content/EngineMaterials/M_InvalidLightmapSettings.uasset" 335
"../../../Engine/Content/EngineMaterials/M_InvalidLightmapSettings.uexp" 336
"../../../Engine/Content/Functions/Engine_MaterialFunctions02/WorldPositionOffset/CameraOffset.uasset" 337
"../../../Engine/Content/Functions/Engine_MaterialFunctions02/WorldPositionOffset/CameraOffset.uexp" 338
"../../../Engine/Content/EngineMaterials/PhAT_JointLimitMaterial.uasset" 339
"../../../Engine/Content/EngineMaterials/PhAT_JointLimitMaterial.uexp" 340
"../../../Engine/Content/EngineMaterials/DefaultCalibrationColor.uasset" 341
"../../../Engine/Content/EngineMaterials/DefaultCalibrationColor.uexp" 342
"../../../Engine/Content/EngineMaterials/PPM_DefaultCalibrationColor.uasset" 343
"../../../Engine/Content/EngineMaterials/PPM_DefaultCalibrationColor.uexp" 344
"../../../Engine/Content/EngineMaterials/DefaultCalibrationGrayscale.uasset" 345
"../../../Engine/Content/EngineMaterials/DefaultCalibrationGrayscale.uexp" 346
"../../../Engine/Content/EngineMaterials/PPM_DefaultCalibrationGrayscale.uasset" 347
"../../../Engine/Content/EngineMaterials/PPM_DefaultCalibrationGrayscale.uexp" 348
"../../../Engine/Content/EngineMaterials/PreintegratedSkinBRDF.uasset" 349
"../../../Engine/Content/EngineMaterials/PreintegratedSkinBRDF.uexp" 350
"../../../Engine/Content/EngineMaterials/RemoveSurfaceMaterial.uasset" 351
"../../../Engine/Content/EngineMaterials/RemoveSurfaceMaterial.uexp" 352
"../../../Engine/Content/EngineMaterials/WeightMapPlaceholderTexture.uasset" 353
"../../../Engine/Content/EngineMaterials/WeightMapPlaceholderTexture.uexp" 354
"../../../Engine/Content/EngineResources/WhiteSquareTexture.uasset" 355
"../../../Engine/Content/EngineResources/WhiteSquareTexture.uexp" 356
"../../../Engine/Content/EngineMaterials/Widget3DPassThrough.uasset" 357
"../../../Engine/Content/EngineMaterials/Widget3DPassThrough.uexp" 358
"../../../Engine/Content/EngineMaterials/Widget3DPassThrough_Masked.uasset" 359
"../../../Engine/Content/EngineMaterials/Widget3DPassThrough_Masked.uexp" 360
"../../../Engine/Content/EngineMaterials/Widget3DPassThrough_Opaque.uasset" 361
"../../../Engine/Content/EngineMaterials/Widget3DPassThrough_Opaque.uexp" 362
"../../../Engine/Content/EngineMaterials/Widget3DPassThrough_Masked_OneSided.uasset" 363
"../../../Engine/Content/EngineMaterials/Widget3DPassThrough_Masked_OneSided.uexp" 364
"../../../Engine/Content/EngineMaterials/Widget3DPassThrough_Opaque_OneSided.uasset" 365
"../../../Engine/Content/EngineMaterials/Widget3DPassThrough_Opaque_OneSided.uexp" 366
"../../../Engine/Content/EngineMaterials/Widget3DPassThrough_Translucent.uasset" 367
"../../../Engine/Content/EngineMaterials/Widget3DPassThrough_Translucent.uexp" 368
"../../../Engine/Content/EngineMaterials/Widget3DPassThrough_Translucent_OneSided.uasset" 369
"../../../Engine/Content/EngineMaterials/Widget3DPassThrough_Translucent_OneSided.uexp" 370
"../../../Engine/Content/EngineMeshes/Cylinder.uasset" 371
"../../../Engine/Content/EngineMeshes/Cylinder.uexp" 372
"../../../Engine/Content/EngineMeshes/Sphere.uasset" 373
"../../../Engine/Content/EngineMeshes/Sphere.uexp" 374
"../../../Engine/Content/EngineResources/DefaultTexture.uasset" 375
"../../../Engine/Content/EngineResources/DefaultTexture.uexp" 376
"../../../Engine/Content/EngineResources/DefaultTexture.ubulk" 377
"../../../Engine/Content/EngineResources/DefaultTextureCube.uasset" 378
"../../../Engine/Content/EngineResources/DefaultTextureCube.uexp" 379
"../../../Engine/Content/EngineResources/DefaultVolumeTexture2D.uasset" 380
"../../../Engine/Content/EngineResources/DefaultVolumeTexture2D.uexp" 381
"../../../Engine/Content/EngineResources/DefaultVolumeTexture.uasset" 382
"../../../Engine/Content/EngineResources/DefaultVolumeTexture.uexp" 383
"../../../Engine/Content/EngineResources/GradientTexture0.uasset" 384
"../../../Engine/Content/EngineResources/GradientTexture0.uexp" 385
"../../../Engine/Content/EngineSky/VolumetricClouds/T_NoiseShape64.uasset" 386
"../../../Engine/Content/EngineSky/VolumetricClouds/T_NoiseShape64.uexp" 387
"../../../Engine/Content/EngineSky/VolumetricClouds/T_NoiseShape64.ubulk" 388
"../../../Engine/Content/EngineSky/VolumetricClouds/T_VolumeNoiseShape64.uasset" 389
"../../../Engine/Content/EngineSky/VolumetricClouds/T_VolumeNoiseShape64.uexp" 390
"../../../Engine/Content/EngineSky/VolumetricClouds/T_NoiseErosion.uasset" 391
"../../../Engine/Content/EngineSky/VolumetricClouds/T_NoiseErosion.uexp" 392
"../../../Engine/Content/EngineSky/VolumetricClouds/T_NoiseErosion.ubulk" 393
"../../../Engine/Content/EngineSky/VolumetricClouds/T_VolumeNoiseErosion32.uasset" 394
"../../../Engine/Content/EngineSky/VolumetricClouds/T_VolumeNoiseErosion32.uexp" 395
"../../../Engine/Content/Functions/Engine_MaterialFunctions02/Utility/MakeFloat2.uasset" 396
"../../../Engine/Content/Functions/Engine_MaterialFunctions02/Utility/MakeFloat2.uexp" 397
"../../../Engine/Content/EngineSky/VolumetricClouds/CloudWeatherTexture.uasset" 398
"../../../Engine/Content/EngineSky/VolumetricClouds/CloudWeatherTexture.uexp" 399
"../../../Engine/Content/EngineSky/VolumetricClouds/CloudGradientTexture.uasset" 400
"../../../Engine/Content/EngineSky/VolumetricClouds/CloudGradientTexture.uexp" 401
"../../../Engine/Content/EngineSky/VolumetricClouds/m_SimpleVolumetricCloud.uasset" 402
"../../../Engine/Content/EngineSky/VolumetricClouds/m_SimpleVolumetricCloud.uexp" 403
"../../../Engine/Content/EngineSky/VolumetricClouds/m_SimpleVolumetricCloud_Inst.uasset" 404
"../../../Engine/Content/EngineSky/VolumetricClouds/m_SimpleVolumetricCloud_Inst.uexp" 405
"../../../Engine/Content/EngineSounds/Master.uasset" 406
"../../../Engine/Content/EngineSounds/Master.uexp" 407
"../../../Engine/Content/Functions/Engine_MaterialFunctions01/Shading/PowerToRoughness.uasset" 408
"../../../Engine/Content/Functions/Engine_MaterialFunctions01/Shading/PowerToRoughness.uexp" 409
"../../../Engine/Content/Maps/Templates/Thumbnails/Default.uasset" 410
"../../../Engine/Content/Maps/Templates/Thumbnails/Default.uexp" 411
"../../../Engine/Content/Maps/Templates/Thumbnails/TimeOfDay.uasset" 412
"../../../Engine/Content/Maps/Templates/Thumbnails/TimeOfDay.uexp" 413
"../../../Engine/Content/Maps/Templates/Thumbnails/VR-Basic.uasset" 414
"../../../Engine/Content/Maps/Templates/Thumbnails/VR-Basic.uexp" 415
"../../../Engine/Content/MobileResources/T_MobileControls_texture.uasset" 416
"../../../Engine/Content/MobileResources/T_MobileControls_texture.uexp" 417
"../../../Engine/Content/MobileResources/T_MobileMenu2.uasset" 418
"../../../Engine/Content/MobileResources/T_MobileMenu2.uexp" 419
"../../../Engine/Content/MobileResources/HUD/AnalogHat.uasset" 420
"../../../Engine/Content/MobileResources/HUD/AnalogHat.uexp" 421
"../../../Engine/Content/MobileResources/HUD/VirtualJoystick_Thumb.uasset" 422
"../../../Engine/Content/MobileResources/HUD/VirtualJoystick_Thumb.uexp" 423
"../../../Engine/Content/MobileResources/HUD/VirtualJoystick_Background.uasset" 424
"../../../Engine/Content/MobileResources/HUD/VirtualJoystick_Background.uexp" 425
"../../../Engine/Content/MobileResources/HUD/DefaultVirtualJoysticks.uasset" 426
"../../../Engine/Content/MobileResources/HUD/DefaultVirtualJoysticks.uexp" 427
"../../../Engine/Content/MobileResources/HUD/LeftVirtualJoystickOnly.uasset" 428
"../../../Engine/Content/MobileResources/HUD/LeftVirtualJoystickOnly.uexp" 429
"../../../Engine/Content/MobileResources/HUD/MobileHUDButton1_off.uasset" 430
"../../../Engine/Content/MobileResources/HUD/MobileHUDButton1_off.uexp" 431
"../../../Engine/Content/MobileResources/HUD/MobileHUDButton1_on.uasset" 432
"../../../Engine/Content/MobileResources/HUD/MobileHUDButton1_on.uexp" 433
"../../../Engine/Content/MobileResources/HUD/MobileHUDButton2_off.uasset" 434
"../../../Engine/Content/MobileResources/HUD/MobileHUDButton2_off.uexp" 435
"../../../Engine/Content/MobileResources/HUD/MobileHUDButton2_on.uasset" 436
"../../../Engine/Content/MobileResources/HUD/MobileHUDButton2_on.uexp" 437
"../../../Engine/Content/MobileResources/HUD/MobileHUDButton3.uasset" 438
"../../../Engine/Content/MobileResources/HUD/MobileHUDButton3.uexp" 439
"../../../Engine/Content/MobileResources/HUD/MobileHUDButtonFire.uasset" 440
"../../../Engine/Content/MobileResources/HUD/MobileHUDButtonFire.uexp" 441
"../../../Engine/Content/MobileResources/HUD/MobileHUDDirectionPad.uasset" 442
"../../../Engine/Content/MobileResources/HUD/MobileHUDDirectionPad.uexp" 443
"../../../Engine/Content/MobileResources/HUD/MobileHUDDirectionPad2.uasset" 444
"../../../Engine/Content/MobileResources/HUD/MobileHUDDirectionPad2.uexp" 445
"../../../Engine/Content/MobileResources/HUD/MobileHUDDirectionPad3.uasset" 446
"../../../Engine/Content/MobileResources/HUD/MobileHUDDirectionPad3.uexp" 447
"../../../Engine/Content/MobileResources/HUD/MobileHUDDirectionStick.uasset" 448
"../../../Engine/Content/MobileResources/HUD/MobileHUDDirectionStick.uexp" 449
"../../../Engine/Content/MobileResources/HUD/T_Castle_ThumbstickInner.uasset" 450
"../../../Engine/Content/MobileResources/HUD/T_Castle_ThumbstickInner.uexp" 451
"../../../Engine/Content/MobileResources/HUD/T_Castle_ThumbstickOutter.uasset" 452
"../../../Engine/Content/MobileResources/HUD/T_Castle_ThumbstickOutter.uexp" 453
"../../../Engine/Content/Tutorial/ContentIntroCurve.uasset" 454
"../../../Engine/Content/Tutorial/ContentIntroCurve.uexp" 455
"../../../Engine/Content/Tutorial/Basics/TutorialAssets/icon_tab_Levels_40x.uasset" 456
"../../../Engine/Content/Tutorial/Basics/TutorialAssets/icon_tab_Levels_40x.uexp" 457
"../../../Engine/Content/Tutorial/BlueprintTutorials/TutorialAssets/Blueprint_64x.uasset" 458
"../../../Engine/Content/Tutorial/BlueprintTutorials/TutorialAssets/Blueprint_64x.uexp" 459
"../../../Engine/Content/VREditor/TransformGizmo/TranslucentTransformGizmoMaterial.uasset" 460
"../../../Engine/Content/VREditor/TransformGizmo/TranslucentTransformGizmoMaterial.uexp" 461
"../../../Engine/Content/VREditor/LaserPointer/VR_LaserPower_01.uasset" 462
"../../../Engine/Content/VREditor/LaserPointer/VR_LaserPower_01.uexp" 463
"../../../Engine/Content/VREditor/LaserPointer/VR_LaserPower_01.ubulk" 464
"../../../Engine/Content/VREditor/TransformGizmo/TransformGizmoMaterial.uasset" 465
"../../../Engine/Content/VREditor/TransformGizmo/TransformGizmoMaterial.uexp" 466
"../../../Engine/Content/VREditor/TransformGizmo/BoundingBoxCorner.uasset" 467
"../../../Engine/Content/VREditor/TransformGizmo/BoundingBoxCorner.uexp" 468
"../../../Engine/Content/VREditor/TransformGizmo/BoundingBoxEdge.uasset" 469
"../../../Engine/Content/VREditor/TransformGizmo/BoundingBoxEdge.uexp" 470
"../../../Engine/Content/VREditor/TransformGizmo/PlaneTranslationHandle.uasset" 471
"../../../Engine/Content/VREditor/TransformGizmo/PlaneTranslationHandle.uexp" 472
"../../../Engine/Content/VREditor/TransformGizmo/Xray.uasset" 473
"../../../Engine/Content/VREditor/TransformGizmo/Xray.uexp" 474
"../../../Engine/Content/VREditor/TransformGizmo/Main.uasset" 475
"../../../Engine/Content/VREditor/TransformGizmo/Main.uexp" 476
"../../../Engine/Content/VREditor/TransformGizmo/SM_Sequencer_Key.uasset" 477
"../../../Engine/Content/VREditor/TransformGizmo/SM_Sequencer_Key.uexp" 478
"../../../Engine/Content/VREditor/TransformGizmo/SM_Sequencer_Node.uasset" 479
"../../../Engine/Content/VREditor/TransformGizmo/SM_Sequencer_Node.uexp" 480
"../../../Engine/Plugins/2D/Paper2D/Content/DummySprite.uasset" 481
"../../../Engine/Plugins/2D/Paper2D/Content/DummySprite.uexp" 482
"../../../Engine/Plugins/2D/Paper2D/Content/DefaultPaperTerrainMaterial.uasset" 483
"../../../Engine/Plugins/2D/Paper2D/Content/DefaultPaperTerrainMaterial.uexp" 484
"../../../Engine/Plugins/2D/Paper2D/Content/MaskedUnlitSpriteMaterial.uasset" 485
"../../../Engine/Plugins/2D/Paper2D/Content/MaskedUnlitSpriteMaterial.uexp" 486
"../../../Engine/Content/Functions/Engine_MaterialFunctions02/Utility/VectorLength.uasset" 487
"../../../Engine/Content/Functions/Engine_MaterialFunctions02/Utility/VectorLength.uexp" 488
"../../../Engine/Content/Functions/Engine_MaterialFunctions02/WorldPositionOffset/ObjectScale.uasset" 489
"../../../Engine/Content/Functions/Engine_MaterialFunctions02/WorldPositionOffset/ObjectScale.uexp" 490
"../../../Engine/Content/Functions/Engine_MaterialFunctions02/Utility/BreakOutFloat3Components.uasset" 491
"../../../Engine/Content/Functions/Engine_MaterialFunctions02/Utility/BreakOutFloat3Components.uexp" 492
"../../../Engine/Content/Functions/Engine_MaterialFunctions02/ObjectLocalBounds.uasset" 493
"../../../Engine/Content/Functions/Engine_MaterialFunctions02/ObjectLocalBounds.uexp" 494
"../../../Engine/Plugins/Editor/SpeedTreeImporter/Content/SpeedTree9/UnpackInteger3.uasset" 495
"../../../Engine/Plugins/Editor/SpeedTreeImporter/Content/SpeedTree9/UnpackInteger3.uexp" 496
"../../../Engine/Plugins/Editor/SpeedTreeImporter/Content/SpeedTree9/UnpackDirection.uasset" 497
"../../../Engine/Plugins/Editor/SpeedTreeImporter/Content/SpeedTree9/UnpackDirection.uexp" 498
"../../../Engine/Plugins/Editor/SpeedTreeImporter/Content/SpeedTree9/game_wind_noise.uasset" 499
"../../../Engine/Plugins/Editor/SpeedTreeImporter/Content/SpeedTree9/game_wind_noise.uexp" 500
"../../../Engine/Plugins/Editor/SpeedTreeImporter/Content/SpeedTree9/game_wind_noise.ubulk" 501
"../../../Engine/Content/Functions/Engine_MaterialFunctions02/SafeNormalize.uasset" 502
"../../../Engine/Content/Functions/Engine_MaterialFunctions02/SafeNormalize.uexp" 503
"../../../Engine/Plugins/Editor/SpeedTreeImporter/Content/SpeedTree9/SpeedTreeWindMotion.uasset" 504
"../../../Engine/Plugins/Editor/SpeedTreeImporter/Content/SpeedTree9/SpeedTreeWindMotion.uexp" 505
"../../../Engine/Plugins/Editor/SpeedTreeImporter/Content/SpeedTree9/SpeedTreeBranchMotion.uasset" 506
"../../../Engine/Plugins/Editor/SpeedTreeImporter/Content/SpeedTree9/SpeedTreeBranchMotion.uexp" 507
"../../../Engine/Content/Functions/Engine_MaterialFunctions02/UVs/BoundingBoxBased_0-1_UVW.uasset" 508
"../../../Engine/Content/Functions/Engine_MaterialFunctions02/UVs/BoundingBoxBased_0-1_UVW.uexp" 509
"../../../Engine/Plugins/Editor/SpeedTreeImporter/Content/SpeedTree9/SpeedTreeWind.uasset" 510
"../../../Engine/Plugins/Editor/SpeedTreeImporter/Content/SpeedTree9/SpeedTreeWind.uexp" 511
"../../../Engine/Plugins/Editor/SpeedTreeImporter/Content/SpeedTree9/SpeedTreeBillboard.uasset" 512
"../../../Engine/Plugins/Editor/SpeedTreeImporter/Content/SpeedTree9/SpeedTreeBillboard.uexp" 513
"../../../Engine/Plugins/Editor/SpeedTreeImporter/Content/SpeedTree9/EmptyNormal.uasset" 514
"../../../Engine/Plugins/Editor/SpeedTreeImporter/Content/SpeedTree9/EmptyNormal.uexp" 515
"../../../Engine/Plugins/Editor/SpeedTreeImporter/Content/SpeedTree9/Empty.uasset" 516
"../../../Engine/Plugins/Editor/SpeedTreeImporter/Content/SpeedTree9/Empty.uexp" 517
"../../../Engine/Plugins/Editor/SpeedTreeImporter/Content/SpeedTree9/SpeedTreeBillboardMaster.uasset" 518
"../../../Engine/Plugins/Editor/SpeedTreeImporter/Content/SpeedTree9/SpeedTreeBillboardMaster.uexp" 519
"../../../Engine/Plugins/Editor/SpeedTreeImporter/Content/SpeedTree9/SpeedTreeCameraFacing.uasset" 520
"../../../Engine/Plugins/Editor/SpeedTreeImporter/Content/SpeedTree9/SpeedTreeCameraFacing.uexp" 521
"../../../Engine/Plugins/Editor/SpeedTreeImporter/Content/SpeedTree9/SpeedTreeMaster.uasset" 522
"../../../Engine/Plugins/Editor/SpeedTreeImporter/Content/SpeedTree9/SpeedTreeMaster.uexp" 523
"../../../Engine/Content/BasicShapes/Cylinder.uasset" 524
"../../../Engine/Content/BasicShapes/Cylinder.uexp" 525
"../../../Engine/Content/ArtTools/RenderToTexture/Materials/Debug/M_Emissive_Color.uasset" 526
"../../../Engine/Content/ArtTools/RenderToTexture/Materials/Debug/M_Emissive_Color.uexp" 527
"../../../Engine/Plugins/Lumin/MagicLeapPassableWorld/Content/MagicLeapARPinInfoActor.uasset" 528
"../../../Engine/Plugins/Lumin/MagicLeapPassableWorld/Content/MagicLeapARPinInfoActor.uexp" 529
"../../../Engine/Plugins/Runtime/OpenXR/Content/Devices/GoogleDaydream/MRTexture.uasset" 530
"../../../Engine/Plugins/Runtime/OpenXR/Content/Devices/GoogleDaydream/MRTexture.uexp" 531
"../../../Engine/Plugins/Runtime/OpenXR/Content/Devices/GoogleDaydream/MRTexture.ubulk" 532
"../../../Engine/Plugins/Runtime/OpenXR/Content/Devices/GoogleDaydream/BaseTexture.uasset" 533
"../../../Engine/Plugins/Runtime/OpenXR/Content/Devices/GoogleDaydream/BaseTexture.uexp" 534
"../../../Engine/Plugins/Runtime/OpenXR/Content/Devices/GoogleDaydream/BaseTexture.ubulk" 535
"../../../Engine/Content/EngineResources/Black.uasset" 536
"../../../Engine/Content/EngineResources/Black.uexp" 537
"../../../Engine/Plugins/Runtime/OpenXR/Content/Devices/M_XRController.uasset" 538
"../../../Engine/Plugins/Runtime/OpenXR/Content/Devices/M_XRController.uexp" 539
"../../../Engine/Plugins/Runtime/OpenXR/Content/Devices/GoogleDaydream/MI_GoogleDaydream.uasset" 540
"../../../Engine/Plugins/Runtime/OpenXR/Content/Devices/GoogleDaydream/MI_GoogleDaydream.uexp" 541
"../../../Engine/Plugins/Runtime/OpenXR/Content/Devices/GoogleDaydream/GoogleDaydreamController.uasset" 542
"../../../Engine/Plugins/Runtime/OpenXR/Content/Devices/GoogleDaydream/GoogleDaydreamController.uexp" 543
"../../../Engine/Plugins/Runtime/OpenXR/Content/Devices/HTCVive/BaseTexture.uasset" 544
"../../../Engine/Plugins/Runtime/OpenXR/Content/Devices/HTCVive/BaseTexture.uexp" 545
"../../../Engine/Plugins/Runtime/OpenXR/Content/Devices/HTCVive/BaseTexture.ubulk" 546
"../../../Engine/Plugins/Runtime/OpenXR/Content/Devices/HTCVive/MI_HTCVive.uasset" 547
"../../../Engine/Plugins/Runtime/OpenXR/Content/Devices/HTCVive/MI_HTCVive.uexp" 548
"../../../Engine/Plugins/Runtime/OpenXR/Content/Devices/HTCVive/HTCViveController.uasset" 549
"../../../Engine/Plugins/Runtime/OpenXR/Content/Devices/HTCVive/HTCViveController.uexp" 550
"../../../Engine/Plugins/Runtime/OpenXR/Content/Devices/MicrosoftMixedReality/NormalTexture.uasset" 551
"../../../Engine/Plugins/Runtime/OpenXR/Content/Devices/MicrosoftMixedReality/NormalTexture.uexp" 552
"../../../Engine/Plugins/Runtime/OpenXR/Content/Devices/MicrosoftMixedReality/NormalTexture.ubulk" 553
"../../../Engine/Plugins/Runtime/OpenXR/Content/Devices/MicrosoftMixedReality/MRTexture.uasset" 554
"../../../Engine/Plugins/Runtime/OpenXR/Content/Devices/MicrosoftMixedReality/MRTexture.uexp" 555
"../../../Engine/Plugins/Runtime/OpenXR/Content/Devices/MicrosoftMixedReality/MRTexture.ubulk" 556
"../../../Engine/Plugins/Runtime/OpenXR/Content/Devices/MicrosoftMixedReality/EmissiveTexture.uasset" 557
"../../../Engine/Plugins/Runtime/OpenXR/Content/Devices/MicrosoftMixedReality/EmissiveTexture.uexp" 558
"../../../Engine/Plugins/Runtime/OpenXR/Content/Devices/MicrosoftMixedReality/EmissiveTexture.ubulk" 559
"../../../Engine/Plugins/Runtime/OpenXR/Content/Devices/MicrosoftMixedReality/BaseTexture.uasset" 560
"../../../Engine/Plugins/Runtime/OpenXR/Content/Devices/MicrosoftMixedReality/BaseTexture.uexp" 561
"../../../Engine/Plugins/Runtime/OpenXR/Content/Devices/MicrosoftMixedReality/BaseTexture.ubulk" 562
"../../../Engine/Plugins/Runtime/OpenXR/Content/Devices/MicrosoftMixedReality/MI_MicrosoftMixedReality.uasset" 563
"../../../Engine/Plugins/Runtime/OpenXR/Content/Devices/MicrosoftMixedReality/MI_MicrosoftMixedReality.uexp" 564
"../../../Engine/Plugins/Runtime/OpenXR/Content/Devices/MicrosoftMixedReality/Left/left_MicrosoftMixedRealityController.uasset" 565
"../../../Engine/Plugins/Runtime/OpenXR/Content/Devices/MicrosoftMixedReality/Left/left_MicrosoftMixedRealityController.uexp" 566
"../../../Engine/Plugins/Runtime/OpenXR/Content/Devices/MicrosoftMixedReality/Right/right_MicrosoftMixedRealityController.uasset" 567
"../../../Engine/Plugins/Runtime/OpenXR/Content/Devices/MicrosoftMixedReality/Right/right_MicrosoftMixedRealityController.uexp" 568
"../../../Engine/Plugins/Runtime/OpenXR/Content/Devices/OculusGo/BaseTexture.uasset" 569
"../../../Engine/Plugins/Runtime/OpenXR/Content/Devices/OculusGo/BaseTexture.uexp" 570
"../../../Engine/Plugins/Runtime/OpenXR/Content/Devices/OculusGo/BaseTexture.ubulk" 571
"../../../Engine/Plugins/Runtime/OpenXR/Content/Devices/OculusGo/MI_OculusGo.uasset" 572
"../../../Engine/Plugins/Runtime/OpenXR/Content/Devices/OculusGo/MI_OculusGo.uexp" 573
"../../../Engine/Plugins/Runtime/OpenXR/Content/Devices/OculusGo/OculusGoController.uasset" 574
"../../../Engine/Plugins/Runtime/OpenXR/Content/Devices/OculusGo/OculusGoController.uexp" 575
"../../../Engine/Plugins/Runtime/OpenXR/Content/Devices/OculusTouch/MRTexture.uasset" 576
"../../../Engine/Plugins/Runtime/OpenXR/Content/Devices/OculusTouch/MRTexture.uexp" 577
"../../../Engine/Plugins/Runtime/OpenXR/Content/Devices/OculusTouch/MRTexture.ubulk" 578
"../../../Engine/Plugins/Runtime/OpenXR/Content/Devices/OculusTouch/BaseTexture.uasset" 579
"../../../Engine/Plugins/Runtime/OpenXR/Content/Devices/OculusTouch/BaseTexture.uexp" 580
"../../../Engine/Plugins/Runtime/OpenXR/Content/Devices/OculusTouch/BaseTexture.ubulk" 581
"../../../Engine/Plugins/Runtime/OpenXR/Content/Devices/OculusTouch/MI_OculusTouch.uasset" 582
"../../../Engine/Plugins/Runtime/OpenXR/Content/Devices/OculusTouch/MI_OculusTouch.uexp" 583
"../../../Engine/Plugins/Runtime/OpenXR/Content/Devices/OculusTouch/Left/left_OculusTouchController.uasset" 584
"../../../Engine/Plugins/Runtime/OpenXR/Content/Devices/OculusTouch/Left/left_OculusTouchController.uexp" 585
"../../../Engine/Plugins/Runtime/OpenXR/Content/Devices/OculusTouch/Right/right_OculusTouchController.uasset" 586
"../../../Engine/Plugins/Runtime/OpenXR/Content/Devices/OculusTouch/Right/right_OculusTouchController.uexp" 587
"../../../Engine/Plugins/Runtime/OpenXR/Content/Devices/OculusTouch_v2/MRTexture.uasset" 588
"../../../Engine/Plugins/Runtime/OpenXR/Content/Devices/OculusTouch_v2/MRTexture.uexp" 589
"../../../Engine/Plugins/Runtime/OpenXR/Content/Devices/OculusTouch_v2/MRTexture.ubulk" 590
"../../../Engine/Plugins/Runtime/OpenXR/Content/Devices/OculusTouch_v2/BaseTexture.uasset" 591
"../../../Engine/Plugins/Runtime/OpenXR/Content/Devices/OculusTouch_v2/BaseTexture.uexp" 592
"../../../Engine/Plugins/Runtime/OpenXR/Content/Devices/OculusTouch_v2/BaseTexture.ubulk" 593
"../../../Engine/Plugins/Runtime/OpenXR/Content/Devices/OculusTouch_v2/MI_OculusTouch_v2.uasset" 594
"../../../Engine/Plugins/Runtime/OpenXR/Content/Devices/OculusTouch_v2/MI_OculusTouch_v2.uexp" 595
"../../../Engine/Plugins/Runtime/OpenXR/Content/Devices/OculusTouch_v2/Left/left_OculusTouch_v2Controller.uasset" 596
"../../../Engine/Plugins/Runtime/OpenXR/Content/Devices/OculusTouch_v2/Left/left_OculusTouch_v2Controller.uexp" 597
"../../../Engine/Plugins/Runtime/OpenXR/Content/Devices/OculusTouch_v2/Right/right_OculusTouch_v2Controller.uasset" 598
"../../../Engine/Plugins/Runtime/OpenXR/Content/Devices/OculusTouch_v2/Right/right_OculusTouch_v2Controller.uexp" 599
"../../../Engine/Plugins/Runtime/OpenXR/Content/Devices/OculusTouch_v3/MRTexture.uasset" 600
"../../../Engine/Plugins/Runtime/OpenXR/Content/Devices/OculusTouch_v3/MRTexture.uexp" 601
"../../../Engine/Plugins/Runtime/OpenXR/Content/Devices/OculusTouch_v3/MRTexture.ubulk" 602
"../../../Engine/Plugins/Runtime/OpenXR/Content/Devices/OculusTouch_v3/BaseTexture.uasset" 603
"../../../Engine/Plugins/Runtime/OpenXR/Content/Devices/OculusTouch_v3/BaseTexture.uexp" 604
"../../../Engine/Plugins/Runtime/OpenXR/Content/Devices/OculusTouch_v3/BaseTexture.ubulk" 605
"../../../Engine/Plugins/Runtime/OpenXR/Content/Devices/OculusTouch_v3/MI_OculusTouch_v3.uasset" 606
"../../../Engine/Plugins/Runtime/OpenXR/Content/Devices/OculusTouch_v3/MI_OculusTouch_v3.uexp" 607
"../../../Engine/Plugins/Runtime/OpenXR/Content/Devices/OculusTouch_v3/Left/left_OculusTouch_v3Controller.uasset" 608
"../../../Engine/Plugins/Runtime/OpenXR/Content/Devices/OculusTouch_v3/Left/left_OculusTouch_v3Controller.uexp" 609
"../../../Engine/Plugins/Runtime/OpenXR/Content/Devices/OculusTouch_v3/Right/right_OculusTouch_v3Controller.uasset" 610
"../../../Engine/Plugins/Runtime/OpenXR/Content/Devices/OculusTouch_v3/Right/right_OculusTouch_v3Controller.uexp" 611
"../../../Engine/Plugins/Runtime/OpenXR/Content/Devices/ValveIndex/MRTexture.uasset" 612
"../../../Engine/Plugins/Runtime/OpenXR/Content/Devices/ValveIndex/MRTexture.uexp" 613
"../../../Engine/Plugins/Runtime/OpenXR/Content/Devices/ValveIndex/MRTexture.ubulk" 614
"../../../Engine/Plugins/Runtime/OpenXR/Content/Devices/ValveIndex/BaseTexture.uasset" 615
"../../../Engine/Plugins/Runtime/OpenXR/Content/Devices/ValveIndex/BaseTexture.uexp" 616
"../../../Engine/Plugins/Runtime/OpenXR/Content/Devices/ValveIndex/BaseTexture.ubulk" 617
"../../../Engine/Plugins/Runtime/OpenXR/Content/Devices/ValveIndex/Left/MI_left_ValveIndex.uasset" 618
"../../../Engine/Plugins/Runtime/OpenXR/Content/Devices/ValveIndex/Left/MI_left_ValveIndex.uexp" 619
"../../../Engine/Plugins/Runtime/OpenXR/Content/Devices/ValveIndex/Left/left_ValveIndexController.uasset" 620
"../../../Engine/Plugins/Runtime/OpenXR/Content/Devices/ValveIndex/Left/left_ValveIndexController.uexp" 621
"../../../Engine/Plugins/Runtime/OpenXR/Content/Devices/ValveIndex/Right/MI_right_ValveIndex.uasset" 622
"../../../Engine/Plugins/Runtime/OpenXR/Content/Devices/ValveIndex/Right/MI_right_ValveIndex.uexp" 623
"../../../Engine/Plugins/Runtime/OpenXR/Content/Devices/ValveIndex/Right/right_ValveIndexController.uasset" 624
"../../../Engine/Plugins/Runtime/OpenXR/Content/Devices/ValveIndex/Right/right_ValveIndexController.uexp" 625
"../../../Engine/Content/Functions/Engine_MaterialFunctions02/Utility/MakeFloat3.uasset" 626
"../../../Engine/Content/Functions/Engine_MaterialFunctions02/Utility/MakeFloat3.uexp" 627
"../../../Engine/Content/Functions/Engine_MaterialFunctions02/Utility/BreakOutFloat4Components.uasset" 628
"../../../Engine/Content/Functions/Engine_MaterialFunctions02/Utility/BreakOutFloat4Components.uexp" 629
"../../../Engine/Plugins/Runtime/Oculus/OculusVR/Content/Materials/OculusMR_ChromaKey.uasset" 630
"../../../Engine/Plugins/Runtime/Oculus/OculusVR/Content/Materials/OculusMR_ChromaKey.uexp" 631
"../../../Engine/Plugins/Runtime/Oculus/OculusVR/Content/Materials/OculusMR_OpaqueColoredMaterial.uasset" 632
"../../../Engine/Plugins/Runtime/Oculus/OculusVR/Content/Materials/OculusMR_OpaqueColoredMaterial.uexp" 633
"../../../Engine/Plugins/Runtime/Oculus/OculusVR/Content/Materials/PokeAHoleMaterial.uasset" 634
"../../../Engine/Plugins/Runtime/Oculus/OculusVR/Content/Materials/PokeAHoleMaterial.uexp" 635
"../../../Engine/Plugins/Runtime/Oculus/OculusVR/Content/Textures/touchController_controlmap.uasset" 636
"../../../Engine/Plugins/Runtime/Oculus/OculusVR/Content/Textures/touchController_controlmap.uexp" 637
"../../../Engine/Plugins/Runtime/Oculus/OculusVR/Content/Textures/touchController_controlmap.ubulk" 638
"../../../Engine/Plugins/Runtime/Oculus/OculusVR/Content/Textures/touchController_albedo.uasset" 639
"../../../Engine/Plugins/Runtime/Oculus/OculusVR/Content/Textures/touchController_albedo.uexp" 640
"../../../Engine/Plugins/Runtime/Oculus/OculusVR/Content/Textures/touchController_albedo.ubulk" 641
"../../../Engine/Plugins/Runtime/Oculus/OculusVR/Content/Materials/touchController_mat.uasset" 642
"../../../Engine/Plugins/Runtime/Oculus/OculusVR/Content/Materials/touchController_mat.uexp" 643
"../../../Engine/Plugins/Runtime/Oculus/OculusVR/Content/Meshes/LeftTouchController.uasset" 644
"../../../Engine/Plugins/Runtime/Oculus/OculusVR/Content/Meshes/LeftTouchController.uexp" 645
"../../../Engine/Plugins/Runtime/Oculus/OculusVR/Content/Textures/TouchForQuestRiftSController_albedo.uasset" 646
"../../../Engine/Plugins/Runtime/Oculus/OculusVR/Content/Textures/TouchForQuestRiftSController_albedo.uexp" 647
"../../../Engine/Plugins/Runtime/Oculus/OculusVR/Content/Textures/TouchForQuestRiftSController_albedo.ubulk" 648
"../../../Engine/Plugins/Runtime/Oculus/OculusVR/Content/Materials/TouchForQuestRiftSControllerMaterial.uasset" 649
"../../../Engine/Plugins/Runtime/Oculus/OculusVR/Content/Materials/TouchForQuestRiftSControllerMaterial.uexp" 650
"../../../Engine/Plugins/Runtime/Oculus/OculusVR/Content/Meshes/LeftTouchForQuestRiftSController.uasset" 651
"../../../Engine/Plugins/Runtime/Oculus/OculusVR/Content/Meshes/LeftTouchForQuestRiftSController.uexp" 652
"../../../Engine/Plugins/Runtime/Oculus/OculusVR/Content/Meshes/RiftHMD.uasset" 653
"../../../Engine/Plugins/Runtime/Oculus/OculusVR/Content/Meshes/RiftHMD.uexp" 654
"../../../Engine/Plugins/Runtime/Oculus/OculusVR/Content/Meshes/RightTouchController.uasset" 655
"../../../Engine/Plugins/Runtime/Oculus/OculusVR/Content/Meshes/RightTouchController.uexp" 656
"../../../Engine/Plugins/Runtime/Oculus/OculusVR/Content/Meshes/RightTouchForQuestRiftSController.uasset" 657
"../../../Engine/Plugins/Runtime/Oculus/OculusVR/Content/Meshes/RightTouchForQuestRiftSController.uexp" 658
"C:/Users/hsp84/Documents/Unreal Projects/UnrealNightmare/Content/Environment/UEtiles.uasset" 659
"C:/Users/hsp84/Documents/Unreal Projects/UnrealNightmare/Content/Environment/UEtiles.uexp" 660
"C:/Users/hsp84/Documents/Unreal Projects/UnrealNightmare/Content/Environment/UEtiles_TileSet.uasset" 661
"C:/Users/hsp84/Documents/Unreal Projects/UnrealNightmare/Content/Environment/UEtiles_TileSet.uexp" 662
"C:/Users/hsp84/Documents/Unreal Projects/UnrealNightmare/Content/Environment/TilesPadded.uasset" 663
"C:/Users/hsp84/Documents/Unreal Projects/UnrealNightmare/Content/Environment/TilesPadded.uexp" 664
"C:/Users/hsp84/Documents/Unreal Projects/UnrealNightmare/Content/Environment/TilesPadded.ubulk" 665
"C:/Users/hsp84/Documents/Unreal Projects/UnrealNightmare/Content/Environment/Tiles_TileSet.uasset" 666
"C:/Users/hsp84/Documents/Unreal Projects/UnrealNightmare/Content/Environment/Tiles_TileSet.uexp" 667
"C:/Users/hsp84/Documents/Unreal Projects/UnrealNightmare/Content/Environment/BackgroundPadded.uasset" 668
"C:/Users/hsp84/Documents/Unreal Projects/UnrealNightmare/Content/Environment/BackgroundPadded.uexp" 669
"C:/Users/hsp84/Documents/Unreal Projects/UnrealNightmare/Content/Environment/BackgroundPadded.ubulk" 670
"C:/Users/hsp84/Documents/Unreal Projects/UnrealNightmare/Content/Environment/Background_TileSet.uasset" 671
"C:/Users/hsp84/Documents/Unreal Projects/UnrealNightmare/Content/Environment/Background_TileSet.uexp" 672
"C:/Users/hsp84/Documents/Unreal Projects/UnrealNightmare/Content/Environment/TM_Stage_Rain.uasset" 673
"C:/Users/hsp84/Documents/Unreal Projects/UnrealNightmare/Content/Environment/TM_Stage_Rain.uexp" 674
"C:/Users/hsp84/Documents/Unreal Projects/UnrealNightmare/Content/Environment/TM_Stage.uasset" 675
"C:/Users/hsp84/Documents/Unreal Projects/UnrealNightmare/Content/Environment/TM_Stage.uexp" 676
"C:/Users/hsp84/Documents/Unreal Projects/UnrealNightmare/Content/Environment/Scene1/opening7.uasset" 677
"C:/Users/hsp84/Documents/Unreal Projects/UnrealNightmare/Content/Environment/Scene1/opening7.uexp" 678
"C:/Users/hsp84/Documents/Unreal Projects/UnrealNightmare/Content/Environment/Scene1/opening6.uasset" 679
"C:/Users/hsp84/Documents/Unreal Projects/UnrealNightmare/Content/Environment/Scene1/opening6.uexp" 680
"C:/Users/hsp84/Documents/Unreal Projects/UnrealNightmare/Content/Environment/Scene1/opening5.uasset" 681
"C:/Users/hsp84/Documents/Unreal Projects/UnrealNightmare/Content/Environment/Scene1/opening5.uexp" 682
"C:/Users/hsp84/Documents/Unreal Projects/UnrealNightmare/Content/Environment/Scene1/opening4.uasset" 683
"C:/Users/hsp84/Documents/Unreal Projects/UnrealNightmare/Content/Environment/Scene1/opening4.uexp" 684
"C:/Users/hsp84/Documents/Unreal Projects/UnrealNightmare/Content/Environment/Scene1/opening3.uasset" 685
"C:/Users/hsp84/Documents/Unreal Projects/UnrealNightmare/Content/Environment/Scene1/opening3.uexp" 686
"C:/Users/hsp84/Documents/Unreal Projects/UnrealNightmare/Content/Environment/Scene1/opening2.uasset" 687
"C:/Users/hsp84/Documents/Unreal Projects/UnrealNightmare/Content/Environment/Scene1/opening2.uexp" 688
"C:/Users/hsp84/Documents/Unreal Projects/UnrealNightmare/Content/Environment/Starting_Screen.uasset" 689
"C:/Users/hsp84/Documents/Unreal Projects/UnrealNightmare/Content/Environment/Starting_Screen.uexp" 690
"C:/Users/hsp84/Documents/Unreal Projects/UnrealNightmare/Content/Widget/OpeningScene/start.uasset" 691
"C:/Users/hsp84/Documents/Unreal Projects/UnrealNightmare/Content/Widget/OpeningScene/start.uexp" 692
"C:/Users/hsp84/Documents/Unreal Projects/UnrealNightmare/Content/Widget/OpeningScene/opening2.uasset" 693
"C:/Users/hsp84/Documents/Unreal Projects/UnrealNightmare/Content/Widget/OpeningScene/opening2.uexp" 694
"C:/Users/hsp84/Documents/Unreal Projects/UnrealNightmare/Content/Characters/me/my_shield.uasset" 695
"C:/Users/hsp84/Documents/Unreal Projects/UnrealNightmare/Content/Characters/me/my_shield.uexp" 696
"C:/Users/hsp84/Documents/Unreal Projects/UnrealNightmare/Content/Characters/me/my_shield_Sprite_6.uasset" 697
"C:/Users/hsp84/Documents/Unreal Projects/UnrealNightmare/Content/Characters/me/my_shield_Sprite_6.uexp" 698
"C:/Users/hsp84/Documents/Unreal Projects/UnrealNightmare/Content/Characters/me/my_shield_Sprite_4.uasset" 699
"C:/Users/hsp84/Documents/Unreal Projects/UnrealNightmare/Content/Characters/me/my_shield_Sprite_4.uexp" 700
"C:/Users/hsp84/Documents/Unreal Projects/UnrealNightmare/Content/Characters/me/my_shield_Sprite_2.uasset" 701
"C:/Users/hsp84/Documents/Unreal Projects/UnrealNightmare/Content/Characters/me/my_shield_Sprite_2.uexp" 702
"C:/Users/hsp84/Documents/Unreal Projects/UnrealNightmare/Content/Characters/me/my_shield_Sprite_1.uasset" 703
"C:/Users/hsp84/Documents/Unreal Projects/UnrealNightmare/Content/Characters/me/my_shield_Sprite_1.uexp" 704
"C:/Users/hsp84/Documents/Unreal Projects/UnrealNightmare/Content/Characters/me/my_shield_Sprite_0.uasset" 705
"C:/Users/hsp84/Documents/Unreal Projects/UnrealNightmare/Content/Characters/me/my_shield_Sprite_0.uexp" 706
"C:/Users/hsp84/Documents/Unreal Projects/UnrealNightmare/Content/Characters/me/FB/FB_Player_Shield.uasset" 707
"C:/Users/hsp84/Documents/Unreal Projects/UnrealNightmare/Content/Characters/me/FB/FB_Player_Shield.uexp" 708
"C:/Users/hsp84/Documents/Unreal Projects/UnrealNightmare/Content/Characters/me/mymagic.uasset" 709
"C:/Users/hsp84/Documents/Unreal Projects/UnrealNightmare/Content/Characters/me/mymagic.uexp" 710
"C:/Users/hsp84/Documents/Unreal Projects/UnrealNightmare/Content/Characters/me/mymagic_Sprite_5.uasset" 711
"C:/Users/hsp84/Documents/Unreal Projects/UnrealNightmare/Content/Characters/me/mymagic_Sprite_5.uexp" 712
"C:/Users/hsp84/Documents/Unreal Projects/UnrealNightmare/Content/Characters/me/mymagic_Sprite_4.uasset" 713
"C:/Users/hsp84/Documents/Unreal Projects/UnrealNightmare/Content/Characters/me/mymagic_Sprite_4.uexp" 714
"C:/Users/hsp84/Documents/Unreal Projects/UnrealNightmare/Content/Characters/me/mymagic_Sprite_3.uasset" 715
"C:/Users/hsp84/Documents/Unreal Projects/UnrealNightmare/Content/Characters/me/mymagic_Sprite_3.uexp" 716
"C:/Users/hsp84/Documents/Unreal Projects/UnrealNightmare/Content/Characters/me/mymagic_Sprite_2.uasset" 717
"C:/Users/hsp84/Documents/Unreal Projects/UnrealNightmare/Content/Characters/me/mymagic_Sprite_2.uexp" 718
"C:/Users/hsp84/Documents/Unreal Projects/UnrealNightmare/Content/Characters/me/mymagic_Sprite_1.uasset" 719
"C:/Users/hsp84/Documents/Unreal Projects/UnrealNightmare/Content/Characters/me/mymagic_Sprite_1.uexp" 720
"C:/Users/hsp84/Documents/Unreal Projects/UnrealNightmare/Content/Characters/me/mymagic_Sprite_0.uasset" 721
"C:/Users/hsp84/Documents/Unreal Projects/UnrealNightmare/Content/Characters/me/mymagic_Sprite_0.uexp" 722
"C:/Users/hsp84/Documents/Unreal Projects/UnrealNightmare/Content/Characters/me/FB/FB_Player_Magic.uasset" 723
"C:/Users/hsp84/Documents/Unreal Projects/UnrealNightmare/Content/Characters/me/FB/FB_Player_Magic.uexp" 724
"C:/Users/hsp84/Documents/Unreal Projects/UnrealNightmare/Content/Characters/me/myidle.uasset" 725
"C:/Users/hsp84/Documents/Unreal Projects/UnrealNightmare/Content/Characters/me/myidle.uexp" 726
"C:/Users/hsp84/Documents/Unreal Projects/UnrealNightmare/Content/Characters/me/myidle_Sprite_3.uasset" 727
"C:/Users/hsp84/Documents/Unreal Projects/UnrealNightmare/Content/Characters/me/myidle_Sprite_3.uexp" 728
"C:/Users/hsp84/Documents/Unreal Projects/UnrealNightmare/Content/Characters/me/myidle_Sprite_2.uasset" 729
"C:/Users/hsp84/Documents/Unreal Projects/UnrealNightmare/Content/Characters/me/myidle_Sprite_2.uexp" 730
"C:/Users/hsp84/Documents/Unreal Projects/UnrealNightmare/Content/Characters/me/myidle_Sprite_1.uasset" 731
"C:/Users/hsp84/Documents/Unreal Projects/UnrealNightmare/Content/Characters/me/myidle_Sprite_1.uexp" 732
"C:/Users/hsp84/Documents/Unreal Projects/UnrealNightmare/Content/Characters/me/myidle_Sprite_0.uasset" 733
"C:/Users/hsp84/Documents/Unreal Projects/UnrealNightmare/Content/Characters/me/myidle_Sprite_0.uexp" 734
"C:/Users/hsp84/Documents/Unreal Projects/UnrealNightmare/Content/Characters/me/FB/FB_Player_Idle.uasset" 735
"C:/Users/hsp84/Documents/Unreal Projects/UnrealNightmare/Content/Characters/me/FB/FB_Player_Idle.uexp" 736
"C:/Users/hsp84/Documents/Unreal Projects/UnrealNightmare/Content/Characters/me/my_heal.uasset" 737
"C:/Users/hsp84/Documents/Unreal Projects/UnrealNightmare/Content/Characters/me/my_heal.uexp" 738
"C:/Users/hsp84/Documents/Unreal Projects/UnrealNightmare/Content/Characters/me/my_heal_Sprite_6.uasset" 739
"C:/Users/hsp84/Documents/Unreal Projects/UnrealNightmare/Content/Characters/me/my_heal_Sprite_6.uexp" 740
"C:/Users/hsp84/Documents/Unreal Projects/UnrealNightmare/Content/Characters/me/my_heal_Sprite_4.uasset" 741
"C:/Users/hsp84/Documents/Unreal Projects/UnrealNightmare/Content/Characters/me/my_heal_Sprite_4.uexp" 742
"C:/Users/hsp84/Documents/Unreal Projects/UnrealNightmare/Content/Characters/me/my_heal_Sprite_2.uasset" 743
"C:/Users/hsp84/Documents/Unreal Projects/UnrealNightmare/Content/Characters/me/my_heal_Sprite_2.uexp" 744
"C:/Users/hsp84/Documents/Unreal Projects/UnrealNightmare/Content/Characters/me/my_heal_Sprite_1.uasset" 745
"C:/Users/hsp84/Documents/Unreal Projects/UnrealNightmare/Content/Characters/me/my_heal_Sprite_1.uexp" 746
"C:/Users/hsp84/Documents/Unreal Projects/UnrealNightmare/Content/Characters/me/my_heal_Sprite_0.uasset" 747
"C:/Users/hsp84/Documents/Unreal Projects/UnrealNightmare/Content/Characters/me/my_heal_Sprite_0.uexp" 748
"C:/Users/hsp84/Documents/Unreal Projects/UnrealNightmare/Content/Characters/me/FB/FB_Player_Heal.uasset" 749
"C:/Users/hsp84/Documents/Unreal Projects/UnrealNightmare/Content/Characters/me/FB/FB_Player_Heal.uexp" 750
"C:/Users/hsp84/Documents/Unreal Projects/UnrealNightmare/Content/Characters/me/myfocus.uasset" 751
"C:/Users/hsp84/Documents/Unreal Projects/UnrealNightmare/Content/Characters/me/myfocus.uexp" 752
"C:/Users/hsp84/Documents/Unreal Projects/UnrealNightmare/Content/Characters/me/myfocus_Sprite_4.uasset" 753
"C:/Users/hsp84/Documents/Unreal Projects/UnrealNightmare/Content/Characters/me/myfocus_Sprite_4.uexp" 754
"C:/Users/hsp84/Documents/Unreal Projects/UnrealNightmare/Content/Characters/me/myfocus_Sprite_3.uasset" 755
"C:/Users/hsp84/Documents/Unreal Projects/UnrealNightmare/Content/Characters/me/myfocus_Sprite_3.uexp" 756
"C:/Users/hsp84/Documents/Unreal Projects/UnrealNightmare/Content/Characters/me/myfocus_Sprite_2.uasset" 757
"C:/Users/hsp84/Documents/Unreal Projects/UnrealNightmare/Content/Characters/me/myfocus_Sprite_2.uexp" 758
"C:/Users/hsp84/Documents/Unreal Projects/UnrealNightmare/Content/Characters/me/myfocus_Sprite_1.uasset" 759
"C:/Users/hsp84/Documents/Unreal Projects/UnrealNightmare/Content/Characters/me/myfocus_Sprite_1.uexp" 760
"C:/Users/hsp84/Documents/Unreal Projects/UnrealNightmare/Content/Characters/me/myfocus_Sprite_0.uasset" 761
"C:/Users/hsp84/Documents/Unreal Projects/UnrealNightmare/Content/Characters/me/myfocus_Sprite_0.uexp" 762
"C:/Users/hsp84/Documents/Unreal Projects/UnrealNightmare/Content/Characters/me/FB/FB_Player_Focus.uasset" 763
"C:/Users/hsp84/Documents/Unreal Projects/UnrealNightmare/Content/Characters/me/FB/FB_Player_Focus.uexp" 764
"C:/Users/hsp84/Documents/Unreal Projects/UnrealNightmare/Content/Characters/me/mybrace.uasset" 765
"C:/Users/hsp84/Documents/Unreal Projects/UnrealNightmare/Content/Characters/me/mybrace.uexp" 766
"C:/Users/hsp84/Documents/Unreal Projects/UnrealNightmare/Content/Characters/me/mybrace_Sprite_4.uasset" 767
"C:/Users/hsp84/Documents/Unreal Projects/UnrealNightmare/Content/Characters/me/mybrace_Sprite_4.uexp" 768
"C:/Users/hsp84/Documents/Unreal Projects/UnrealNightmare/Content/Characters/me/mybrace_Sprite_3.uasset" 769
"C:/Users/hsp84/Documents/Unreal Projects/UnrealNightmare/Content/Characters/me/mybrace_Sprite_3.uexp" 770
"C:/Users/hsp84/Documents/Unreal Projects/UnrealNightmare/Content/Characters/me/mybrace_Sprite_2.uasset" 771
"C:/Users/hsp84/Documents/Unreal Projects/UnrealNightmare/Content/Characters/me/mybrace_Sprite_2.uexp" 772
"C:/Users/hsp84/Documents/Unreal Projects/UnrealNightmare/Content/Characters/me/mybrace_Sprite_1.uasset" 773
"C:/Users/hsp84/Documents/Unreal Projects/UnrealNightmare/Content/Characters/me/mybrace_Sprite_1.uexp" 774
"C:/Users/hsp84/Documents/Unreal Projects/UnrealNightmare/Content/Characters/me/mybrace_Sprite_0.uasset" 775
"C:/Users/hsp84/Documents/Unreal Projects/UnrealNightmare/Content/Characters/me/mybrace_Sprite_0.uexp" 776
"C:/Users/hsp84/Documents/Unreal Projects/UnrealNightmare/Content/Characters/me/FB/FB_Player_Brace.uasset" 777
"C:/Users/hsp84/Documents/Unreal Projects/UnrealNightmare/Content/Characters/me/FB/FB_Player_Brace.uexp" 778
"C:/Users/hsp84/Documents/Unreal Projects/UnrealNightmare/Content/Characters/me/myblock.uasset" 779
"C:/Users/hsp84/Documents/Unreal Projects/UnrealNightmare/Content/Characters/me/myblock.uexp" 780
"C:/Users/hsp84/Documents/Unreal Projects/UnrealNightmare/Content/Characters/me/myblock_Sprite_4.uasset" 781
"C:/Users/hsp84/Documents/Unreal Projects/UnrealNightmare/Content/Characters/me/myblock_Sprite_4.uexp" 782
"C:/Users/hsp84/Documents/Unreal Projects/UnrealNightmare/Content/Characters/me/myblock_Sprite_3.uasset" 783
"C:/Users/hsp84/Documents/Unreal Projects/UnrealNightmare/Content/Characters/me/myblock_Sprite_3.uexp" 784
"C:/Users/hsp84/Documents/Unreal Projects/UnrealNightmare/Content/Characters/me/myblock_Sprite_2.uasset" 785
"C:/Users/hsp84/Documents/Unreal Projects/UnrealNightmare/Content/Characters/me/myblock_Sprite_2.uexp" 786
"C:/Users/hsp84/Documents/Unreal Projects/UnrealNightmare/Content/Characters/me/myblock_Sprite_1.uasset" 787
"C:/Users/hsp84/Documents/Unreal Projects/UnrealNightmare/Content/Characters/me/myblock_Sprite_1.uexp" 788
"C:/Users/hsp84/Documents/Unreal Projects/UnrealNightmare/Content/Characters/me/myblock_Sprite_0.uasset" 789
"C:/Users/hsp84/Documents/Unreal Projects/UnrealNightmare/Content/Characters/me/myblock_Sprite_0.uexp" 790
"C:/Users/hsp84/Documents/Unreal Projects/UnrealNightmare/Content/Characters/me/FB/FB_Player_Block.uasset" 791
"C:/Users/hsp84/Documents/Unreal Projects/UnrealNightmare/Content/Characters/me/FB/FB_Player_Block.uexp" 792
"C:/Users/hsp84/Documents/Unreal Projects/UnrealNightmare/Content/Characters/me/myattack.uasset" 793
"C:/Users/hsp84/Documents/Unreal Projects/UnrealNightmare/Content/Characters/me/myattack.uexp" 794
"C:/Users/hsp84/Documents/Unreal Projects/UnrealNightmare/Content/Characters/me/myattack_Sprite_5.uasset" 795
"C:/Users/hsp84/Documents/Unreal Projects/UnrealNightmare/Content/Characters/me/myattack_Sprite_5.uexp" 796
"C:/Users/hsp84/Documents/Unreal Projects/UnrealNightmare/Content/Characters/me/myattack_Sprite_4.uasset" 797
"C:/Users/hsp84/Documents/Unreal Projects/UnrealNightmare/Content/Characters/me/myattack_Sprite_4.uexp" 798
"C:/Users/hsp84/Documents/Unreal Projects/UnrealNightmare/Content/Characters/me/myattack_Sprite_3.uasset" 799
"C:/Users/hsp84/Documents/Unreal Projects/UnrealNightmare/Content/Characters/me/myattack_Sprite_3.uexp" 800
"C:/Users/hsp84/Documents/Unreal Projects/UnrealNightmare/Content/Characters/me/myattack_Sprite_2.uasset" 801
"C:/Users/hsp84/Documents/Unreal Projects/UnrealNightmare/Content/Characters/me/myattack_Sprite_2.uexp" 802
"C:/Users/hsp84/Documents/Unreal Projects/UnrealNightmare/Content/Characters/me/myattack_Sprite_1.uasset" 803
"C:/Users/hsp84/Documents/Unreal Projects/UnrealNightmare/Content/Characters/me/myattack_Sprite_1.uexp" 804
"C:/Users/hsp84/Documents/Unreal Projects/UnrealNightmare/Content/Characters/me/myattack_Sprite_0.uasset" 805
"C:/Users/hsp84/Documents/Unreal Projects/UnrealNightmare/Content/Characters/me/myattack_Sprite_0.uexp" 806
"C:/Users/hsp84/Documents/Unreal Projects/UnrealNightmare/Content/Characters/me/FB/FB_Player_Attack.uasset" 807
"C:/Users/hsp84/Documents/Unreal Projects/UnrealNightmare/Content/Characters/me/FB/FB_Player_Attack.uexp" 808
"C:/Users/hsp84/Documents/Unreal Projects/UnrealNightmare/Content/Blueprints/GamePhase.uasset" 809
"C:/Users/hsp84/Documents/Unreal Projects/UnrealNightmare/Content/Blueprints/GamePhase.uexp" 810
"C:/Users/hsp84/Documents/Unreal Projects/UnrealNightmare/Content/Blueprints/Actions.uasset" 811
"C:/Users/hsp84/Documents/Unreal Projects/UnrealNightmare/Content/Blueprints/Actions.uexp" 812
"C:/Users/hsp84/Documents/Unreal Projects/UnrealNightmare/Content/Blueprints/BP_Character.uasset" 813
"C:/Users/hsp84/Documents/Unreal Projects/UnrealNightmare/Content/Blueprints/BP_Character.uexp" 814
"C:/Users/hsp84/Documents/Unreal Projects/UnrealNightmare/Content/Characters/mannequin/mr_shield.uasset" 815
"C:/Users/hsp84/Documents/Unreal Projects/UnrealNightmare/Content/Characters/mannequin/mr_shield.uexp" 816
"C:/Users/hsp84/Documents/Unreal Projects/UnrealNightmare/Content/Characters/mannequin/mr_shield_Sprite_7.uasset" 817
"C:/Users/hsp84/Documents/Unreal Projects/UnrealNightmare/Content/Characters/mannequin/mr_shield_Sprite_7.uexp" 818
"C:/Users/hsp84/Documents/Unreal Projects/UnrealNightmare/Content/Characters/mannequin/mr_shield_Sprite_6.uasset" 819
"C:/Users/hsp84/Documents/Unreal Projects/UnrealNightmare/Content/Characters/mannequin/mr_shield_Sprite_6.uexp" 820
"C:/Users/hsp84/Documents/Unreal Projects/UnrealNightmare/Content/Characters/mannequin/mr_shield_Sprite_5.uasset" 821
"C:/Users/hsp84/Documents/Unreal Projects/UnrealNightmare/Content/Characters/mannequin/mr_shield_Sprite_5.uexp" 822
"C:/Users/hsp84/Documents/Unreal Projects/UnrealNightmare/Content/Characters/mannequin/mr_shield_Sprite_3.uasset" 823
"C:/Users/hsp84/Documents/Unreal Projects/UnrealNightmare/Content/Characters/mannequin/mr_shield_Sprite_3.uexp" 824
"C:/Users/hsp84/Documents/Unreal Projects/UnrealNightmare/Content/Characters/mannequin/mr_shield_Sprite_10.uasset" 825
"C:/Users/hsp84/Documents/Unreal Projects/UnrealNightmare/Content/Characters/mannequin/mr_shield_Sprite_10.uexp" 826
"C:/Users/hsp84/Documents/Unreal Projects/UnrealNightmare/Content/Characters/mannequin/mr_shield_Sprite_0.uasset" 827
"C:/Users/hsp84/Documents/Unreal Projects/UnrealNightmare/Content/Characters/mannequin/mr_shield_Sprite_0.uexp" 828
"C:/Users/hsp84/Documents/Unreal Projects/UnrealNightmare/Content/Characters/mannequin/FB/FB_Mannequin_Shield.uasset" 829
"C:/Users/hsp84/Documents/Unreal Projects/UnrealNightmare/Content/Characters/mannequin/FB/FB_Mannequin_Shield.uexp" 830
"C:/Users/hsp84/Documents/Unreal Projects/UnrealNightmare/Content/Characters/mannequin/mr_magic.uasset" 831
"C:/Users/hsp84/Documents/Unreal Projects/UnrealNightmare/Content/Characters/mannequin/mr_magic.uexp" 832
"C:/Users/hsp84/Documents/Unreal Projects/UnrealNightmare/Content/Characters/mannequin/mr_magic_Sprite_5.uasset" 833
"C:/Users/hsp84/Documents/Unreal Projects/UnrealNightmare/Content/Characters/mannequin/mr_magic_Sprite_5.uexp" 834
"C:/Users/hsp84/Documents/Unreal Projects/UnrealNightmare/Content/Characters/mannequin/mr_magic_Sprite_4.uasset" 835
"C:/Users/hsp84/Documents/Unreal Projects/UnrealNightmare/Content/Characters/mannequin/mr_magic_Sprite_4.uexp" 836
"C:/Users/hsp84/Documents/Unreal Projects/UnrealNightmare/Content/Characters/mannequin/mr_magic_Sprite_3.uasset" 837
"C:/Users/hsp84/Documents/Unreal Projects/UnrealNightmare/Content/Characters/mannequin/mr_magic_Sprite_3.uexp" 838
"C:/Users/hsp84/Documents/Unreal Projects/UnrealNightmare/Content/Characters/mannequin/mr_magic_Sprite_2.uasset" 839
"C:/Users/hsp84/Documents/Unreal Projects/UnrealNightmare/Content/Characters/mannequin/mr_magic_Sprite_2.uexp" 840
"C:/Users/hsp84/Documents/Unreal Projects/UnrealNightmare/Content/Characters/mannequin/mr_magic_Sprite_1.uasset" 841
"C:/Users/hsp84/Documents/Unreal Projects/UnrealNightmare/Content/Characters/mannequin/mr_magic_Sprite_1.uexp" 842
"C:/Users/hsp84/Documents/Unreal Projects/UnrealNightmare/Content/Characters/mannequin/mr_magic_Sprite_0.uasset" 843
"C:/Users/hsp84/Documents/Unreal Projects/UnrealNightmare/Content/Characters/mannequin/mr_magic_Sprite_0.uexp" 844
"C:/Users/hsp84/Documents/Unreal Projects/UnrealNightmare/Content/Characters/mannequin/FB/FB_Mannequin_Magic.uasset" 845
"C:/Users/hsp84/Documents/Unreal Projects/UnrealNightmare/Content/Characters/mannequin/FB/FB_Mannequin_Magic.uexp" 846
"C:/Users/hsp84/Documents/Unreal Projects/UnrealNightmare/Content/Characters/mannequin/mr_idle1_Sprite_2.uasset" 847
"C:/Users/hsp84/Documents/Unreal Projects/UnrealNightmare/Content/Characters/mannequin/mr_idle1_Sprite_2.uexp" 848
"C:/Users/hsp84/Documents/Unreal Projects/UnrealNightmare/Content/Characters/mannequin/mr_idle1_Sprite_0.uasset" 849
"C:/Users/hsp84/Documents/Unreal Projects/UnrealNightmare/Content/Characters/mannequin/mr_idle1_Sprite_0.uexp" 850
"C:/Users/hsp84/Documents/Unreal Projects/UnrealNightmare/Content/Characters/mannequin/mr_idle1_Sprite_7.uasset" 851
"C:/Users/hsp84/Documents/Unreal Projects/UnrealNightmare/Content/Characters/mannequin/mr_idle1_Sprite_7.uexp" 852
"C:/Users/hsp84/Documents/Unreal Projects/UnrealNightmare/Content/Characters/mannequin/mr_idle1_Sprite_4.uasset" 853
"C:/Users/hsp84/Documents/Unreal Projects/UnrealNightmare/Content/Characters/mannequin/mr_idle1_Sprite_4.uexp" 854
"C:/Users/hsp84/Documents/Unreal Projects/UnrealNightmare/Content/Characters/mannequin/FB/FB_Mannequin_Idle.uasset" 855
"C:/Users/hsp84/Documents/Unreal Projects/UnrealNightmare/Content/Characters/mannequin/FB/FB_Mannequin_Idle.uexp" 856
"C:/Users/hsp84/Documents/Unreal Projects/UnrealNightmare/Content/Characters/mannequin/mr_heal.uasset" 857
"C:/Users/hsp84/Documents/Unreal Projects/UnrealNightmare/Content/Characters/mannequin/mr_heal.uexp" 858
"C:/Users/hsp84/Documents/Unreal Projects/UnrealNightmare/Content/Characters/mannequin/mr_heal_Sprite_7.uasset" 859
"C:/Users/hsp84/Documents/Unreal Projects/UnrealNightmare/Content/Characters/mannequin/mr_heal_Sprite_7.uexp" 860
"C:/Users/hsp84/Documents/Unreal Projects/UnrealNightmare/Content/Characters/mannequin/mr_heal_Sprite_6.uasset" 861
"C:/Users/hsp84/Documents/Unreal Projects/UnrealNightmare/Content/Characters/mannequin/mr_heal_Sprite_6.uexp" 862
"C:/Users/hsp84/Documents/Unreal Projects/UnrealNightmare/Content/Characters/mannequin/mr_heal_Sprite_5.uasset" 863
"C:/Users/hsp84/Documents/Unreal Projects/UnrealNightmare/Content/Characters/mannequin/mr_heal_Sprite_5.uexp" 864
"C:/Users/hsp84/Documents/Unreal Projects/UnrealNightmare/Content/Characters/mannequin/mr_heal_Sprite_3.uasset" 865
"C:/Users/hsp84/Documents/Unreal Projects/UnrealNightmare/Content/Characters/mannequin/mr_heal_Sprite_3.uexp" 866
"C:/Users/hsp84/Documents/Unreal Projects/UnrealNightmare/Content/Characters/mannequin/mr_heal_Sprite_10.uasset" 867
"C:/Users/hsp84/Documents/Unreal Projects/UnrealNightmare/Content/Characters/mannequin/mr_heal_Sprite_10.uexp" 868
"C:/Users/hsp84/Documents/Unreal Projects/UnrealNightmare/Content/Characters/mannequin/mr_heal_Sprite_0.uasset" 869
"C:/Users/hsp84/Documents/Unreal Projects/UnrealNightmare/Content/Characters/mannequin/mr_heal_Sprite_0.uexp" 870
"C:/Users/hsp84/Documents/Unreal Projects/UnrealNightmare/Content/Characters/mannequin/FB/FB_Mannequin_Heal.uasset" 871
"C:/Users/hsp84/Documents/Unreal Projects/UnrealNightmare/Content/Characters/mannequin/FB/FB_Mannequin_Heal.uexp" 872
"C:/Users/hsp84/Documents/Unreal Projects/UnrealNightmare/Content/Characters/mannequin/mr_focus.uasset" 873
"C:/Users/hsp84/Documents/Unreal Projects/UnrealNightmare/Content/Characters/mannequin/mr_focus.uexp" 874
"C:/Users/hsp84/Documents/Unreal Projects/UnrealNightmare/Content/Characters/mannequin/mr_focus_Sprite_5.uasset" 875
"C:/Users/hsp84/Documents/Unreal Projects/UnrealNightmare/Content/Characters/mannequin/mr_focus_Sprite_5.uexp" 876
"C:/Users/hsp84/Documents/Unreal Projects/UnrealNightmare/Content/Characters/mannequin/mr_focus_Sprite_4.uasset" 877
"C:/Users/hsp84/Documents/Unreal Projects/UnrealNightmare/Content/Characters/mannequin/mr_focus_Sprite_4.uexp" 878
"C:/Users/hsp84/Documents/Unreal Projects/UnrealNightmare/Content/Characters/mannequin/mr_focus_Sprite_3.uasset" 879
"C:/Users/hsp84/Documents/Unreal Projects/UnrealNightmare/Content/Characters/mannequin/mr_focus_Sprite_3.uexp" 880
"C:/Users/hsp84/Documents/Unreal Projects/UnrealNightmare/Content/Characters/mannequin/mr_focus_Sprite_2.uasset" 881
"C:/Users/hsp84/Documents/Unreal Projects/UnrealNightmare/Content/Characters/mannequin/mr_focus_Sprite_2.uexp" 882
"C:/Users/hsp84/Documents/Unreal Projects/UnrealNightmare/Content/Characters/mannequin/mr_focus_Sprite_1.uasset" 883
"C:/Users/hsp84/Documents/Unreal Projects/UnrealNightmare/Content/Characters/mannequin/mr_focus_Sprite_1.uexp" 884
"C:/Users/hsp84/Documents/Unreal Projects/UnrealNightmare/Content/Characters/mannequin/mr_focus_Sprite_0.uasset" 885
"C:/Users/hsp84/Documents/Unreal Projects/UnrealNightmare/Content/Characters/mannequin/mr_focus_Sprite_0.uexp" 886
"C:/Users/hsp84/Documents/Unreal Projects/UnrealNightmare/Content/Characters/mannequin/FB/FB_Mannequin_Focus.uasset" 887
"C:/Users/hsp84/Documents/Unreal Projects/UnrealNightmare/Content/Characters/mannequin/FB/FB_Mannequin_Focus.uexp" 888
"C:/Users/hsp84/Documents/Unreal Projects/UnrealNightmare/Content/Characters/mannequin/mr_brace.uasset" 889
"C:/Users/hsp84/Documents/Unreal Projects/UnrealNightmare/Content/Characters/mannequin/mr_brace.uexp" 890
"C:/Users/hsp84/Documents/Unreal Projects/UnrealNightmare/Content/Characters/mannequin/mr_brace_Sprite_5.uasset" 891
"C:/Users/hsp84/Documents/Unreal Projects/UnrealNightmare/Content/Characters/mannequin/mr_brace_Sprite_5.uexp" 892
"C:/Users/hsp84/Documents/Unreal Projects/UnrealNightmare/Content/Characters/mannequin/mr_brace_Sprite_4.uasset" 893
"C:/Users/hsp84/Documents/Unreal Projects/UnrealNightmare/Content/Characters/mannequin/mr_brace_Sprite_4.uexp" 894
"C:/Users/hsp84/Documents/Unreal Projects/UnrealNightmare/Content/Characters/mannequin/mr_brace_Sprite_3.uasset" 895
"C:/Users/hsp84/Documents/Unreal Projects/UnrealNightmare/Content/Characters/mannequin/mr_brace_Sprite_3.uexp" 896
"C:/Users/hsp84/Documents/Unreal Projects/UnrealNightmare/Content/Characters/mannequin/mr_brace_Sprite_2.uasset" 897
"C:/Users/hsp84/Documents/Unreal Projects/UnrealNightmare/Content/Characters/mannequin/mr_brace_Sprite_2.uexp" 898
"C:/Users/hsp84/Documents/Unreal Projects/UnrealNightmare/Content/Characters/mannequin/mr_brace_Sprite_1.uasset" 899
"C:/Users/hsp84/Documents/Unreal Projects/UnrealNightmare/Content/Characters/mannequin/mr_brace_Sprite_1.uexp" 900
"C:/Users/hsp84/Documents/Unreal Projects/UnrealNightmare/Content/Characters/mannequin/mr_brace_Sprite_0.uasset" 901
"C:/Users/hsp84/Documents/Unreal Projects/UnrealNightmare/Content/Characters/mannequin/mr_brace_Sprite_0.uexp" 902
"C:/Users/hsp84/Documents/Unreal Projects/UnrealNightmare/Content/Characters/mannequin/FB/FB_Mannequin_Brace.uasset" 903
"C:/Users/hsp84/Documents/Unreal Projects/UnrealNightmare/Content/Characters/mannequin/FB/FB_Mannequin_Brace.uexp" 904
"C:/Users/hsp84/Documents/Unreal Projects/UnrealNightmare/Content/Characters/mannequin/mr_block.uasset" 905
"C:/Users/hsp84/Documents/Unreal Projects/UnrealNightmare/Content/Characters/mannequin/mr_block.uexp" 906
"C:/Users/hsp84/Documents/Unreal Projects/UnrealNightmare/Content/Characters/mannequin/mr_block_Sprite_5.uasset" 907
"C:/Users/hsp84/Documents/Unreal Projects/UnrealNightmare/Content/Characters/mannequin/mr_block_Sprite_5.uexp" 908
"C:/Users/hsp84/Documents/Unreal Projects/UnrealNightmare/Content/Characters/mannequin/mr_block_Sprite_4.uasset" 909
"C:/Users/hsp84/Documents/Unreal Projects/UnrealNightmare/Content/Characters/mannequin/mr_block_Sprite_4.uexp" 910
"C:/Users/hsp84/Documents/Unreal Projects/UnrealNightmare/Content/Characters/mannequin/mr_block_Sprite_3.uasset" 911
"C:/Users/hsp84/Documents/Unreal Projects/UnrealNightmare/Content/Characters/mannequin/mr_block_Sprite_3.uexp" 912
"C:/Users/hsp84/Documents/Unreal Projects/UnrealNightmare/Content/Characters/mannequin/mr_block_Sprite_2.uasset" 913
"C:/Users/hsp84/Documents/Unreal Projects/UnrealNightmare/Content/Characters/mannequin/mr_block_Sprite_2.uexp" 914
"C:/Users/hsp84/Documents/Unreal Projects/UnrealNightmare/Content/Characters/mannequin/mr_block_Sprite_1.uasset" 915
"C:/Users/hsp84/Documents/Unreal Projects/UnrealNightmare/Content/Characters/mannequin/mr_block_Sprite_1.uexp" 916
"C:/Users/hsp84/Documents/Unreal Projects/UnrealNightmare/Content/Characters/mannequin/mr_block_Sprite_0.uasset" 917
"C:/Users/hsp84/Documents/Unreal Projects/UnrealNightmare/Content/Characters/mannequin/mr_block_Sprite_0.uexp" 918
"C:/Users/hsp84/Documents/Unreal Projects/UnrealNightmare/Content/Characters/mannequin/FB/FB_Mannequin_Block.uasset" 919
"C:/Users/hsp84/Documents/Unreal Projects/UnrealNightmare/Content/Characters/mannequin/FB/FB_Mannequin_Block.uexp" 920
"C:/Users/hsp84/Documents/Unreal Projects/UnrealNightmare/Content/Characters/mannequin/mr_attack.uasset" 921
"C:/Users/hsp84/Documents/Unreal Projects/UnrealNightmare/Content/Characters/mannequin/mr_attack.uexp" 922
"C:/Users/hsp84/Documents/Unreal Projects/UnrealNightmare/Content/Characters/mannequin/mr_attack_Sprite_5.uasset" 923
"C:/Users/hsp84/Documents/Unreal Projects/UnrealNightmare/Content/Characters/mannequin/mr_attack_Sprite_5.uexp" 924
"C:/Users/hsp84/Documents/Unreal Projects/UnrealNightmare/Content/Characters/mannequin/mr_attack_Sprite_4.uasset" 925
"C:/Users/hsp84/Documents/Unreal Projects/UnrealNightmare/Content/Characters/mannequin/mr_attack_Sprite_4.uexp" 926
"C:/Users/hsp84/Documents/Unreal Projects/UnrealNightmare/Content/Characters/mannequin/mr_attack_Sprite_3.uasset" 927
"C:/Users/hsp84/Documents/Unreal Projects/UnrealNightmare/Content/Characters/mannequin/mr_attack_Sprite_3.uexp" 928
"C:/Users/hsp84/Documents/Unreal Projects/UnrealNightmare/Content/Characters/mannequin/mr_attack_Sprite_2.uasset" 929
"C:/Users/hsp84/Documents/Unreal Projects/UnrealNightmare/Content/Characters/mannequin/mr_attack_Sprite_2.uexp" 930
"C:/Users/hsp84/Documents/Unreal Projects/UnrealNightmare/Content/Characters/mannequin/mr_attack_Sprite_1.uasset" 931
"C:/Users/hsp84/Documents/Unreal Projects/UnrealNightmare/Content/Characters/mannequin/mr_attack_Sprite_1.uexp" 932
"C:/Users/hsp84/Documents/Unreal Projects/UnrealNightmare/Content/Characters/mannequin/mr_attack_Sprite_0.uasset" 933
"C:/Users/hsp84/Documents/Unreal Projects/UnrealNightmare/Content/Characters/mannequin/mr_attack_Sprite_0.uexp" 934
"C:/Users/hsp84/Documents/Unreal Projects/UnrealNightmare/Content/Characters/mannequin/FB/FB_Mannequin_Attack.uasset" 935
"C:/Users/hsp84/Documents/Unreal Projects/UnrealNightmare/Content/Characters/mannequin/FB/FB_Mannequin_Attack.uexp" 936
"C:/Users/hsp84/Documents/Unreal Projects/UnrealNightmare/Content/Characters/Enemy/Mannequin.uasset" 937
"C:/Users/hsp84/Documents/Unreal Projects/UnrealNightmare/Content/Characters/Enemy/Mannequin.uexp" 938
"C:/Users/hsp84/Documents/Unreal Projects/UnrealNightmare/Content/Widget/OpeningScene/opening1.uasset" 939
"C:/Users/hsp84/Documents/Unreal Projects/UnrealNightmare/Content/Widget/OpeningScene/opening1.uexp" 940
"C:/Users/hsp84/Documents/Unreal Projects/UnrealNightmare/Content/Widget/UserMenu.uasset" 941
"C:/Users/hsp84/Documents/Unreal Projects/UnrealNightmare/Content/Widget/UserMenu.uexp" 942
"C:/Users/hsp84/Documents/Unreal Projects/UnrealNightmare/Content/Widget/QuitButton.uasset" 943
"C:/Users/hsp84/Documents/Unreal Projects/UnrealNightmare/Content/Widget/QuitButton.uexp" 944
"C:/Users/hsp84/Documents/Unreal Projects/UnrealNightmare/Content/Widget/HPBar.uasset" 945
"C:/Users/hsp84/Documents/Unreal Projects/UnrealNightmare/Content/Widget/HPBar.uexp" 946
"C:/Users/hsp84/Documents/Unreal Projects/UnrealNightmare/Content/Widget/GameOverReplay.uasset" 947
"C:/Users/hsp84/Documents/Unreal Projects/UnrealNightmare/Content/Widget/GameOverReplay.uexp" 948
"C:/Users/hsp84/Documents/Unreal Projects/UnrealNightmare/Content/Collisions/gameover.uasset" 949
"C:/Users/hsp84/Documents/Unreal Projects/UnrealNightmare/Content/Collisions/gameover.uexp" 950
"C:/Users/hsp84/Documents/Unreal Projects/UnrealNightmare/Content/Collisions/gameover_Sprite.uasset" 951
"C:/Users/hsp84/Documents/Unreal Projects/UnrealNightmare/Content/Collisions/gameover_Sprite.uexp" 952
"C:/Users/hsp84/Documents/Unreal Projects/UnrealNightmare/Content/Blueprints/BP_GameOver.uasset" 953
"C:/Users/hsp84/Documents/Unreal Projects/UnrealNightmare/Content/Blueprints/BP_GameOver.uexp" 954
"C:/Users/hsp84/Documents/Unreal Projects/UnrealNightmare/Content/Collisions/winwin.uasset" 955
"C:/Users/hsp84/Documents/Unreal Projects/UnrealNightmare/Content/Collisions/winwin.uexp" 956
"C:/Users/hsp84/Documents/Unreal Projects/UnrealNightmare/Content/Collisions/winwin_Sprite.uasset" 957
"C:/Users/hsp84/Documents/Unreal Projects/UnrealNightmare/Content/Collisions/winwin_Sprite.uexp" 958
"C:/Users/hsp84/Documents/Unreal Projects/UnrealNightmare/Content/Collisions/tie.uasset" 959
"C:/Users/hsp84/Documents/Unreal Projects/UnrealNightmare/Content/Collisions/tie.uexp" 960
"C:/Users/hsp84/Documents/Unreal Projects/UnrealNightmare/Content/Collisions/tie_Sprite.uasset" 961
"C:/Users/hsp84/Documents/Unreal Projects/UnrealNightmare/Content/Collisions/tie_Sprite.uexp" 962
"C:/Users/hsp84/Documents/Unreal Projects/UnrealNightmare/Content/Collisions/rightwin.uasset" 963
"C:/Users/hsp84/Documents/Unreal Projects/UnrealNightmare/Content/Collisions/rightwin.uexp" 964
"C:/Users/hsp84/Documents/Unreal Projects/UnrealNightmare/Content/Collisions/rightwin_Sprite.uasset" 965
"C:/Users/hsp84/Documents/Unreal Projects/UnrealNightmare/Content/Collisions/rightwin_Sprite.uexp" 966
"C:/Users/hsp84/Documents/Unreal Projects/UnrealNightmare/Content/Collisions/loselose.uasset" 967
"C:/Users/hsp84/Documents/Unreal Projects/UnrealNightmare/Content/Collisions/loselose.uexp" 968
"C:/Users/hsp84/Documents/Unreal Projects/UnrealNightmare/Content/Collisions/loselose_Sprite.uasset" 969
"C:/Users/hsp84/Documents/Unreal Projects/UnrealNightmare/Content/Collisions/loselose_Sprite.uexp" 970
"C:/Users/hsp84/Documents/Unreal Projects/UnrealNightmare/Content/Collisions/leftwin.uasset" 971
"C:/Users/hsp84/Documents/Unreal Projects/UnrealNightmare/Content/Collisions/leftwin.uexp" 972
"C:/Users/hsp84/Documents/Unreal Projects/UnrealNightmare/Content/Collisions/leftwin_Sprite.uasset" 973
"C:/Users/hsp84/Documents/Unreal Projects/UnrealNightmare/Content/Collisions/leftwin_Sprite.uexp" 974
"C:/Users/hsp84/Documents/Unreal Projects/UnrealNightmare/Content/Blueprints/BP_Collision.uasset" 975
"C:/Users/hsp84/Documents/Unreal Projects/UnrealNightmare/Content/Blueprints/BP_Collision.uexp" 976
"C:/Users/hsp84/Documents/Unreal Projects/UnrealNightmare/Content/Blueprints/Calculate.uasset" 977
"C:/Users/hsp84/Documents/Unreal Projects/UnrealNightmare/Content/Blueprints/Calculate.uexp" 978
"C:/Users/hsp84/Documents/Unreal Projects/UnrealNightmare/Content/Blueprints/GM_Platform.uasset" 979
"C:/Users/hsp84/Documents/Unreal Projects/UnrealNightmare/Content/Blueprints/GM_Platform.uexp" 980
"C:/Users/hsp84/Documents/Unreal Projects/UnrealNightmare/Content/Environment/TM_Stage_Rain_Blueprint.uasset" 981
"C:/Users/hsp84/Documents/Unreal Projects/UnrealNightmare/Content/Environment/TM_Stage_Rain_Blueprint.uexp" 982
"C:/Users/hsp84/Documents/Unreal Projects/UnrealNightmare/Content/Audio/Zane_Little_-_Poker_Night.uasset" 983
"C:/Users/hsp84/Documents/Unreal Projects/UnrealNightmare/Content/Audio/Zane_Little_-_Poker_Night.uexp" 984
"C:/Users/hsp84/Documents/Unreal Projects/UnrealNightmare/Content/Widget/Zane_Little_-_Poker_Night_Blueprint.uasset" 985
"C:/Users/hsp84/Documents/Unreal Projects/UnrealNightmare/Content/Widget/Zane_Little_-_Poker_Night_Blueprint.uexp" 986
"C:/Users/hsp84/Documents/Unreal Projects/UnrealNightmare/Content/Maps/Battle_Map.uexp" 987
"C:/Users/hsp84/Documents/Unreal Projects/UnrealNightmare/Content/Maps/Battle_Map.umap" 988
"../../../Engine/Content/MapTemplates/T_ScreenDirt02_w.uasset" 989
"../../../Engine/Content/MapTemplates/T_ScreenDirt02_w.uexp" 990
"../../../Engine/Content/MapTemplates/Bokeh_5Sides.uasset" 991
"../../../Engine/Content/MapTemplates/Bokeh_5Sides.uexp" 992
"../../../Engine/Content/MapTemplates/Bokeh_5Sides.ubulk" 993
"C:/Users/hsp84/Documents/Unreal Projects/UnrealNightmare/Content/2DSideScrollerBP/Maps/2DSideScrollerExampleMap_BuiltData.uasset" 994
"C:/Users/hsp84/Documents/Unreal Projects/UnrealNightmare/Content/2DSideScrollerBP/Maps/2DSideScrollerExampleMap_BuiltData.uexp" 995
"C:/Users/hsp84/Documents/Unreal Projects/UnrealNightmare/Content/2DSideScrollerBP/Blueprints/2DSideScrollerGameMode.uasset" 996
"C:/Users/hsp84/Documents/Unreal Projects/UnrealNightmare/Content/2DSideScrollerBP/Blueprints/2DSideScrollerGameMode.uexp" 997
"C:/Users/hsp84/Documents/Unreal Projects/UnrealNightmare/Content/2DSideScroller/Textures/2DBackgroundBlockAtlas.uasset" 998
"C:/Users/hsp84/Documents/Unreal Projects/UnrealNightmare/Content/2DSideScroller/Textures/2DBackgroundBlockAtlas.uexp" 999
"C:/Users/hsp84/Documents/Unreal Projects/UnrealNightmare/Content/2DSideScroller/Sprites/Ledge.uasset" 1000
"C:/Users/hsp84/Documents/Unreal Projects/UnrealNightmare/Content/2DSideScroller/Sprites/Ledge.uexp" 1001
"../../../Engine/Plugins/2D/Paper2D/Content/OpaqueUnlitSpriteMaterial.uasset" 1002
"../../../Engine/Plugins/2D/Paper2D/Content/OpaqueUnlitSpriteMaterial.uexp" 1003
"C:/Users/hsp84/Documents/Unreal Projects/UnrealNightmare/Content/2DSideScroller/Textures/2DBackground.uasset" 1004
"C:/Users/hsp84/Documents/Unreal Projects/UnrealNightmare/Content/2DSideScroller/Textures/2DBackground.uexp" 1005
"C:/Users/hsp84/Documents/Unreal Projects/UnrealNightmare/Content/2DSideScroller/Sprites/Background_Sprite.uasset" 1006
"C:/Users/hsp84/Documents/Unreal Projects/UnrealNightmare/Content/2DSideScroller/Sprites/Background_Sprite.uexp" 1007
"C:/Users/hsp84/Documents/Unreal Projects/UnrealNightmare/Content/2DSideScrollerBP/Maps/2DSideScrollerExampleMap.uexp" 1008
"C:/Users/hsp84/Documents/Unreal Projects/UnrealNightmare/Content/2DSideScrollerBP/Maps/2DSideScrollerExampleMap.umap" 1009
"../../../Engine/Content/Maps/Entry_BuiltData.uasset" 1010
"../../../Engine/Content/Maps/Entry_BuiltData.uexp" 1011
"../../../Engine/Content/Maps/Entry.uexp" 1012
"../../../Engine/Content/Maps/Entry.umap" 1013
